{"/home/ishamir99/geshem/geshem-backend/src/app.module.ts": {"path":"/home/ishamir99/geshem/geshem-backend/src/app.module.ts","statementMap":{"0":{"start":{"line":1,"column":0},"end":{"line":1,"column":40}},"1":{"start":{"line":2,"column":0},"end":{"line":2,"column":48}},"2":{"start":{"line":3,"column":0},"end":{"line":3,"column":67}},"3":{"start":{"line":4,"column":0},"end":{"line":4,"column":58}},"4":{"start":{"line":5,"column":0},"end":{"line":5,"column":56}},"5":{"start":{"line":6,"column":0},"end":{"line":6,"column":65}},"6":{"start":{"line":7,"column":0},"end":{"line":7,"column":59}},"7":{"start":{"line":8,"column":0},"end":{"line":8,"column":59}},"8":{"start":{"line":14,"column":0},"end":{"line":14,"column":32}},"9":{"start":{"line":17,"column":0},"end":{"line":17,"column":16}},"10":{"start":{"line":87,"column":0},"end":{"line":87,"column":null}},"11":{"start":{"line":87,"column":13},"end":{"line":87,"column":null}},"12":{"start":{"line":87,"column":13},"end":{"line":87,"column":22}}},"fnMap":{},"branchMap":{},"s":{"0":0,"1":0,"2":0,"3":0,"4":0,"5":0,"6":0,"7":0,"8":0,"9":0,"10":0,"11":0,"12":0},"f":{},"b":{}}
,"/home/ishamir99/geshem/geshem-backend/src/exception-handler.ts": {"path":"/home/ishamir99/geshem/geshem-backend/src/exception-handler.ts","statementMap":{"0":{"start":{"line":1,"column":0},"end":{"line":1,"column":71}},"1":{"start":{"line":4,"column":0},"end":{"line":4,"column":59}},"2":{"start":{"line":6,"column":29},"end":{"line":10,"column":1}},"3":{"start":{"line":7,"column":2},"end":{"line":9,"column":39}},"4":{"start":{"line":6,"column":13},"end":{"line":6,"column":29}},"5":{"start":{"line":12,"column":31},"end":{"line":14,"column":1}},"6":{"start":{"line":13,"column":2},"end":{"line":13,"column":27}},"7":{"start":{"line":12,"column":13},"end":{"line":12,"column":31}},"8":{"start":{"line":17,"column":0},"end":{"line":34,"column":null}},"9":{"start":{"line":19,"column":16},"end":{"line":19,"column":35}},"10":{"start":{"line":20,"column":21},"end":{"line":20,"column":48}},"11":{"start":{"line":21,"column":20},"end":{"line":21,"column":53}},"12":{"start":{"line":22,"column":17},"end":{"line":22,"column":41}},"13":{"start":{"line":23,"column":20},"end":{"line":23,"column":46}},"14":{"start":{"line":25,"column":4},"end":{"line":32,"column":7}},"15":{"start":{"line":17,"column":13},"end":{"line":34,"column":null}},"16":{"start":{"line":17,"column":13},"end":{"line":17,"column":34}}},"fnMap":{"0":{"name":"(anonymous_1)","decl":{"start":{"line":6,"column":29},"end":{"line":6,"column":30}},"loc":{"start":{"line":6,"column":60},"end":{"line":10,"column":1}}},"1":{"name":"(anonymous_2)","decl":{"start":{"line":12,"column":31},"end":{"line":12,"column":32}},"loc":{"start":{"line":12,"column":62},"end":{"line":14,"column":1}}},"2":{"name":"(anonymous_3)","decl":{"start":{"line":18,"column":2},"end":{"line":18,"column":7}},"loc":{"start":{"line":18,"column":47},"end":{"line":33,"column":3}}}},"branchMap":{"0":{"loc":{"start":{"line":7,"column":9},"end":{"line":9,"column":38}},"type":"cond-expr","locations":[{"start":{"line":8,"column":6},"end":{"line":8,"column":27}},{"start":{"line":9,"column":6},"end":{"line":9,"column":38}}]}},"s":{"0":0,"1":0,"2":0,"3":0,"4":0,"5":0,"6":0,"7":0,"8":0,"9":0,"10":0,"11":0,"12":0,"13":0,"14":0,"15":0,"16":0},"f":{"0":0,"1":0,"2":0},"b":{"0":[0,0]}}
,"/home/ishamir99/geshem/geshem-backend/src/main.ts": {"path":"/home/ishamir99/geshem/geshem-backend/src/main.ts","statementMap":{"0":{"start":{"line":1,"column":0},"end":{"line":1,"column":43}},"1":{"start":{"line":2,"column":0},"end":{"line":2,"column":41}},"2":{"start":{"line":3,"column":0},"end":{"line":3,"column":46}},"3":{"start":{"line":4,"column":0},"end":{"line":4,"column":65}},"4":{"start":{"line":5,"column":0},"end":{"line":5,"column":60}},"5":{"start":{"line":8,"column":14},"end":{"line":8,"column":49}},"6":{"start":{"line":9,"column":2},"end":{"line":9,"column":52}},"7":{"start":{"line":10,"column":2},"end":{"line":13,"column":6}},"8":{"start":{"line":15,"column":17},"end":{"line":20,"column":12}},"9":{"start":{"line":21,"column":19},"end":{"line":21,"column":60}},"10":{"start":{"line":22,"column":2},"end":{"line":22,"column":44}},"11":{"start":{"line":24,"column":2},"end":{"line":24,"column":37}},"12":{"start":{"line":26,"column":0},"end":{"line":26,"column":12}}},"fnMap":{"0":{"name":"bootstrap","decl":{"start":{"line":7,"column":15},"end":{"line":7,"column":24}},"loc":{"start":{"line":7,"column":24},"end":{"line":25,"column":1}}}},"branchMap":{},"s":{"0":0,"1":0,"2":0,"3":0,"4":0,"5":0,"6":0,"7":0,"8":0,"9":0,"10":0,"11":0,"12":0},"f":{"0":0},"b":{}}
,"/home/ishamir99/geshem/geshem-backend/src/modules/commons/errors.ts": {"path":"/home/ishamir99/geshem/geshem-backend/src/modules/commons/errors.ts","statementMap":{"0":{"start":{"line":3,"column":6},"end":{"line":3,"column":21}},"1":{"start":{"line":4,"column":6},"end":{"line":4,"column":42}},"2":{"start":{"line":1,"column":0},"end":{"line":1,"column":13}},"3":{"start":{"line":10,"column":6},"end":{"line":10,"column":21}},"4":{"start":{"line":11,"column":6},"end":{"line":11,"column":35}},"5":{"start":{"line":8,"column":0},"end":{"line":8,"column":13}},"6":{"start":{"line":17,"column":6},"end":{"line":17,"column":21}},"7":{"start":{"line":18,"column":6},"end":{"line":18,"column":42}},"8":{"start":{"line":15,"column":0},"end":{"line":15,"column":13}}},"fnMap":{"0":{"name":"(anonymous_0)","decl":{"start":{"line":2,"column":4},"end":{"line":2,"column":16}},"loc":{"start":{"line":2,"column":23},"end":{"line":5,"column":5}}},"1":{"name":"(anonymous_1)","decl":{"start":{"line":9,"column":4},"end":{"line":9,"column":16}},"loc":{"start":{"line":9,"column":23},"end":{"line":12,"column":5}}},"2":{"name":"(anonymous_2)","decl":{"start":{"line":16,"column":4},"end":{"line":16,"column":16}},"loc":{"start":{"line":16,"column":23},"end":{"line":19,"column":5}}}},"branchMap":{},"s":{"0":0,"1":0,"2":1,"3":0,"4":0,"5":1,"6":0,"7":0,"8":1},"f":{"0":0,"1":0,"2":0},"b":{}}
,"/home/ishamir99/geshem/geshem-backend/src/modules/commons/routes.constants.ts": {"path":"/home/ishamir99/geshem/geshem-backend/src/modules/commons/routes.constants.ts","statementMap":{"0":{"start":{"line":1,"column":13},"end":{"line":1,"column":47}},"1":{"start":{"line":2,"column":13},"end":{"line":11,"column":2}}},"fnMap":{},"branchMap":{},"s":{"0":0,"1":0},"f":{},"b":{}}
,"/home/ishamir99/geshem/geshem-backend/src/modules/config/auth.cnfig.service.ts": {"path":"/home/ishamir99/geshem/geshem-backend/src/modules/config/auth.cnfig.service.ts","statementMap":{"0":{"start":{"line":1,"column":0},"end":{"line":1,"column":44}},"1":{"start":{"line":2,"column":0},"end":{"line":2,"column":134}},"2":{"start":{"line":5,"column":0},"end":{"line":18,"column":null}},"3":{"start":{"line":8,"column":4},"end":{"line":16,"column":6}},"4":{"start":{"line":5,"column":13},"end":{"line":18,"column":null}},"5":{"start":{"line":5,"column":13},"end":{"line":5,"column":34}}},"fnMap":{"0":{"name":"(anonymous_1)","decl":{"start":{"line":7,"column":2},"end":{"line":7,"column":30}},"loc":{"start":{"line":7,"column":30},"end":{"line":17,"column":3}}}},"branchMap":{},"s":{"0":0,"1":0,"2":0,"3":0,"4":0,"5":0},"f":{"0":0},"b":{}}
,"/home/ishamir99/geshem/geshem-backend/src/modules/config/auth.config.module.ts": {"path":"/home/ishamir99/geshem/geshem-backend/src/modules/config/auth.config.module.ts","statementMap":{"0":{"start":{"line":1,"column":0},"end":{"line":1,"column":40}},"1":{"start":{"line":4,"column":0},"end":{"line":4,"column":58}},"2":{"start":{"line":10,"column":0},"end":{"line":10,"column":null}},"3":{"start":{"line":10,"column":13},"end":{"line":10,"column":null}},"4":{"start":{"line":10,"column":13},"end":{"line":10,"column":31}}},"fnMap":{},"branchMap":{},"s":{"0":0,"1":0,"2":0,"3":0,"4":0},"f":{},"b":{}}
,"/home/ishamir99/geshem/geshem-backend/src/modules/crops/crop.module.ts": {"path":"/home/ishamir99/geshem/geshem-backend/src/modules/crops/crop.module.ts","statementMap":{"0":{"start":{"line":2,"column":0},"end":{"line":2,"column":40}},"1":{"start":{"line":3,"column":0},"end":{"line":3,"column":47}},"2":{"start":{"line":4,"column":0},"end":{"line":4,"column":54}},"3":{"start":{"line":5,"column":0},"end":{"line":5,"column":46}},"4":{"start":{"line":6,"column":0},"end":{"line":6,"column":58}},"5":{"start":{"line":7,"column":0},"end":{"line":7,"column":72}},"6":{"start":{"line":8,"column":0},"end":{"line":8,"column":60}},"7":{"start":{"line":9,"column":0},"end":{"line":9,"column":66}},"8":{"start":{"line":10,"column":0},"end":{"line":10,"column":54}},"9":{"start":{"line":11,"column":0},"end":{"line":11,"column":74}},"10":{"start":{"line":12,"column":0},"end":{"line":12,"column":71}},"11":{"start":{"line":13,"column":0},"end":{"line":13,"column":62}},"12":{"start":{"line":21,"column":2},"end":{"line":21,"column":null}},"13":{"start":{"line":21,"column":15},"end":{"line":21,"column":null}},"14":{"start":{"line":21,"column":15},"end":{"line":21,"column":25}}},"fnMap":{},"branchMap":{},"s":{"0":0,"1":0,"2":0,"3":0,"4":0,"5":0,"6":0,"7":0,"8":0,"9":0,"10":0,"11":0,"12":0,"13":0,"14":0},"f":{},"b":{}}
,"/home/ishamir99/geshem/geshem-backend/src/modules/crops/controllers/crop.controller.ts": {"path":"/home/ishamir99/geshem/geshem-backend/src/modules/crops/controllers/crop.controller.ts","statementMap":{"0":{"start":{"line":1,"column":0},"end":{"line":1,"column":109}},"1":{"start":{"line":2,"column":0},"end":{"line":2,"column":54}},"2":{"start":{"line":3,"column":0},"end":{"line":3,"column":55}},"3":{"start":{"line":4,"column":0},"end":{"line":4,"column":61}},"4":{"start":{"line":8,"column":0},"end":{"line":61,"column":null}},"5":{"start":{"line":10,"column":13},"end":{"line":10,"column":26}},"6":{"start":{"line":17,"column":4},"end":{"line":17,"column":56}},"7":{"start":{"line":27,"column":6},"end":{"line":27,"column":null}},"8":{"start":{"line":28,"column":23},"end":{"line":28,"column":71}},"9":{"start":{"line":29,"column":6},"end":{"line":29,"column":22}},"10":{"start":{"line":35,"column":6},"end":{"line":35,"column":null}},"11":{"start":{"line":36,"column":6},"end":{"line":36,"column":47}},"12":{"start":{"line":41,"column":4},"end":{"line":41,"column":49}},"13":{"start":{"line":49,"column":4},"end":{"line":49,"column":55}},"14":{"start":{"line":56,"column":27},"end":{"line":56,"column":74}},"15":{"start":{"line":59,"column":4},"end":{"line":59,"column":null}},"16":{"start":{"line":16,"column":2},"end":{"line":18,"column":null}},"17":{"start":{"line":24,"column":2},"end":{"line":30,"column":null}},"18":{"start":{"line":33,"column":2},"end":{"line":37,"column":null}},"19":{"start":{"line":40,"column":2},"end":{"line":44,"column":null}},"20":{"start":{"line":48,"column":2},"end":{"line":50,"column":null}},"21":{"start":{"line":55,"column":2},"end":{"line":60,"column":null}},"22":{"start":{"line":8,"column":13},"end":{"line":61,"column":null}},"23":{"start":{"line":8,"column":13},"end":{"line":8,"column":27}}},"fnMap":{"0":{"name":"(anonymous_4)","decl":{"start":{"line":9,"column":2},"end":{"line":9,"column":null}},"loc":{"start":{"line":10,"column":37},"end":{"line":10,"column":41}}},"1":{"name":"(anonymous_5)","decl":{"start":{"line":16,"column":2},"end":{"line":16,"column":7}},"loc":{"start":{"line":16,"column":55},"end":{"line":18,"column":3}}},"2":{"name":"(anonymous_6)","decl":{"start":{"line":24,"column":2},"end":{"line":24,"column":7}},"loc":{"start":{"line":26,"column":42},"end":{"line":30,"column":3}}},"3":{"name":"(anonymous_7)","decl":{"start":{"line":33,"column":2},"end":{"line":33,"column":7}},"loc":{"start":{"line":34,"column":29},"end":{"line":37,"column":3}}},"4":{"name":"(anonymous_8)","decl":{"start":{"line":40,"column":2},"end":{"line":40,"column":7}},"loc":{"start":{"line":40,"column":14},"end":{"line":44,"column":3}}},"5":{"name":"(anonymous_9)","decl":{"start":{"line":48,"column":2},"end":{"line":48,"column":7}},"loc":{"start":{"line":48,"column":48},"end":{"line":50,"column":3}}},"6":{"name":"(anonymous_10)","decl":{"start":{"line":55,"column":2},"end":{"line":55,"column":7}},"loc":{"start":{"line":55,"column":51},"end":{"line":60,"column":3}}}},"branchMap":{},"s":{"0":0,"1":0,"2":0,"3":0,"4":0,"5":0,"6":0,"7":0,"8":0,"9":0,"10":0,"11":0,"12":0,"13":0,"14":0,"15":0,"16":0,"17":0,"18":0,"19":0,"20":0,"21":0,"22":0,"23":0},"f":{"0":0,"1":0,"2":0,"3":0,"4":0,"5":0,"6":0},"b":{}}
,"/home/ishamir99/geshem/geshem-backend/src/modules/crops/controllers/cropStrain.controller.ts": {"path":"/home/ishamir99/geshem/geshem-backend/src/modules/crops/controllers/cropStrain.controller.ts","statementMap":{"0":{"start":{"line":1,"column":0},"end":{"line":1,"column":109}},"1":{"start":{"line":2,"column":0},"end":{"line":2,"column":66}},"2":{"start":{"line":3,"column":0},"end":{"line":3,"column":55}},"3":{"start":{"line":4,"column":0},"end":{"line":4,"column":79}},"4":{"start":{"line":9,"column":0},"end":{"line":65,"column":null}},"5":{"start":{"line":11,"column":13},"end":{"line":11,"column":32}},"6":{"start":{"line":18,"column":4},"end":{"line":18,"column":58}},"7":{"start":{"line":28,"column":6},"end":{"line":28,"column":null}},"8":{"start":{"line":29,"column":24},"end":{"line":29,"column":84}},"9":{"start":{"line":30,"column":6},"end":{"line":30,"column":23}},"10":{"start":{"line":36,"column":6},"end":{"line":36,"column":null}},"11":{"start":{"line":37,"column":24},"end":{"line":37,"column":63}},"12":{"start":{"line":38,"column":6},"end":{"line":38,"column":23}},"13":{"start":{"line":43,"column":4},"end":{"line":43,"column":49}},"14":{"start":{"line":48,"column":4},"end":{"line":48,"column":69}},"15":{"start":{"line":53,"column":4},"end":{"line":53,"column":67}},"16":{"start":{"line":59,"column":30},"end":{"line":59,"column":88}},"17":{"start":{"line":62,"column":4},"end":{"line":62,"column":null}},"18":{"start":{"line":17,"column":2},"end":{"line":19,"column":null}},"19":{"start":{"line":25,"column":2},"end":{"line":31,"column":null}},"20":{"start":{"line":34,"column":2},"end":{"line":39,"column":null}},"21":{"start":{"line":42,"column":2},"end":{"line":44,"column":null}},"22":{"start":{"line":47,"column":2},"end":{"line":49,"column":null}},"23":{"start":{"line":52,"column":2},"end":{"line":54,"column":null}},"24":{"start":{"line":58,"column":2},"end":{"line":63,"column":null}},"25":{"start":{"line":9,"column":13},"end":{"line":65,"column":null}},"26":{"start":{"line":9,"column":13},"end":{"line":9,"column":33}}},"fnMap":{"0":{"name":"(anonymous_4)","decl":{"start":{"line":10,"column":2},"end":{"line":10,"column":null}},"loc":{"start":{"line":11,"column":49},"end":{"line":11,"column":53}}},"1":{"name":"(anonymous_5)","decl":{"start":{"line":17,"column":2},"end":{"line":17,"column":7}},"loc":{"start":{"line":17,"column":63},"end":{"line":19,"column":3}}},"2":{"name":"(anonymous_6)","decl":{"start":{"line":25,"column":2},"end":{"line":25,"column":7}},"loc":{"start":{"line":27,"column":54},"end":{"line":31,"column":3}}},"3":{"name":"(anonymous_7)","decl":{"start":{"line":34,"column":2},"end":{"line":34,"column":7}},"loc":{"start":{"line":35,"column":29},"end":{"line":39,"column":3}}},"4":{"name":"(anonymous_8)","decl":{"start":{"line":42,"column":2},"end":{"line":42,"column":7}},"loc":{"start":{"line":42,"column":14},"end":{"line":44,"column":3}}},"5":{"name":"(anonymous_9)","decl":{"start":{"line":47,"column":2},"end":{"line":47,"column":7}},"loc":{"start":{"line":47,"column":54},"end":{"line":49,"column":3}}},"6":{"name":"(anonymous_10)","decl":{"start":{"line":52,"column":2},"end":{"line":52,"column":7}},"loc":{"start":{"line":52,"column":58},"end":{"line":54,"column":3}}},"7":{"name":"(anonymous_11)","decl":{"start":{"line":58,"column":2},"end":{"line":58,"column":7}},"loc":{"start":{"line":58,"column":58},"end":{"line":63,"column":3}}}},"branchMap":{},"s":{"0":0,"1":0,"2":0,"3":0,"4":0,"5":0,"6":0,"7":0,"8":0,"9":0,"10":0,"11":0,"12":0,"13":0,"14":0,"15":0,"16":0,"17":0,"18":0,"19":0,"20":0,"21":0,"22":0,"23":0,"24":0,"25":0,"26":0},"f":{"0":0,"1":0,"2":0,"3":0,"4":0,"5":0,"6":0,"7":0},"b":{}}
,"/home/ishamir99/geshem/geshem-backend/src/modules/crops/controllers/cropType.controller.ts": {"path":"/home/ishamir99/geshem/geshem-backend/src/modules/crops/controllers/cropType.controller.ts","statementMap":{"0":{"start":{"line":1,"column":0},"end":{"line":1,"column":109}},"1":{"start":{"line":3,"column":0},"end":{"line":3,"column":62}},"2":{"start":{"line":4,"column":0},"end":{"line":4,"column":55}},"3":{"start":{"line":5,"column":0},"end":{"line":5,"column":73}},"4":{"start":{"line":9,"column":0},"end":{"line":58,"column":null}},"5":{"start":{"line":11,"column":13},"end":{"line":11,"column":30}},"6":{"start":{"line":18,"column":4},"end":{"line":18,"column":58}},"7":{"start":{"line":23,"column":4},"end":{"line":23,"column":41}},"8":{"start":{"line":28,"column":4},"end":{"line":28,"column":52}},"9":{"start":{"line":38,"column":8},"end":{"line":38,"column":null}},"10":{"start":{"line":39,"column":25},"end":{"line":39,"column":81}},"11":{"start":{"line":40,"column":8},"end":{"line":40,"column":24}},"12":{"start":{"line":46,"column":8},"end":{"line":46,"column":null}},"13":{"start":{"line":47,"column":25},"end":{"line":47,"column":62}},"14":{"start":{"line":48,"column":8},"end":{"line":48,"column":24}},"15":{"start":{"line":53,"column":29},"end":{"line":53,"column":84}},"16":{"start":{"line":56,"column":6},"end":{"line":56,"column":null}},"17":{"start":{"line":17,"column":2},"end":{"line":19,"column":null}},"18":{"start":{"line":22,"column":2},"end":{"line":24,"column":null}},"19":{"start":{"line":27,"column":2},"end":{"line":29,"column":null}},"20":{"start":{"line":35,"column":4},"end":{"line":41,"column":null}},"21":{"start":{"line":44,"column":4},"end":{"line":49,"column":null}},"22":{"start":{"line":52,"column":4},"end":{"line":57,"column":null}},"23":{"start":{"line":9,"column":13},"end":{"line":58,"column":null}},"24":{"start":{"line":9,"column":13},"end":{"line":9,"column":31}}},"fnMap":{"0":{"name":"(anonymous_4)","decl":{"start":{"line":10,"column":2},"end":{"line":10,"column":null}},"loc":{"start":{"line":11,"column":45},"end":{"line":11,"column":49}}},"1":{"name":"(anonymous_5)","decl":{"start":{"line":17,"column":2},"end":{"line":17,"column":8}},"loc":{"start":{"line":17,"column":53},"end":{"line":19,"column":3}}},"2":{"name":"(anonymous_6)","decl":{"start":{"line":22,"column":2},"end":{"line":22,"column":8}},"loc":{"start":{"line":22,"column":8},"end":{"line":24,"column":3}}},"3":{"name":"(anonymous_7)","decl":{"start":{"line":27,"column":2},"end":{"line":27,"column":17}},"loc":{"start":{"line":27,"column":41},"end":{"line":29,"column":3}}},"4":{"name":"(anonymous_8)","decl":{"start":{"line":35,"column":4},"end":{"line":35,"column":9}},"loc":{"start":{"line":37,"column":52},"end":{"line":41,"column":5}}},"5":{"name":"(anonymous_9)","decl":{"start":{"line":44,"column":4},"end":{"line":44,"column":9}},"loc":{"start":{"line":45,"column":31},"end":{"line":49,"column":5}}},"6":{"name":"(anonymous_10)","decl":{"start":{"line":52,"column":4},"end":{"line":52,"column":9}},"loc":{"start":{"line":52,"column":58},"end":{"line":57,"column":5}}}},"branchMap":{},"s":{"0":1,"1":1,"2":1,"3":1,"4":1,"5":1,"6":0,"7":0,"8":0,"9":0,"10":0,"11":0,"12":0,"13":0,"14":0,"15":0,"16":0,"17":1,"18":1,"19":1,"20":1,"21":1,"22":1,"23":1,"24":1},"f":{"0":1,"1":0,"2":0,"3":0,"4":0,"5":0,"6":0},"b":{}}
,"/home/ishamir99/geshem/geshem-backend/src/modules/crops/dto/crop.dto.ts": {"path":"/home/ishamir99/geshem/geshem-backend/src/modules/crops/dto/crop.dto.ts","statementMap":{"0":{"start":{"line":1,"column":0},"end":{"line":1,"column":59}},"1":{"start":{"line":5,"column":4},"end":{"line":5,"column":null}},"2":{"start":{"line":8,"column":4},"end":{"line":8,"column":null}},"3":{"start":{"line":11,"column":4},"end":{"line":11,"column":null}},"4":{"start":{"line":3,"column":0},"end":{"line":3,"column":13}},"5":{"start":{"line":14,"column":0},"end":{"line":14,"column":13}}},"fnMap":{},"branchMap":{},"s":{"0":0,"1":0,"2":0,"3":0,"4":0,"5":0},"f":{},"b":{}}
,"/home/ishamir99/geshem/geshem-backend/src/modules/crops/dto/cropStrain.dto.ts": {"path":"/home/ishamir99/geshem/geshem-backend/src/modules/crops/dto/cropStrain.dto.ts","statementMap":{"0":{"start":{"line":1,"column":0},"end":{"line":1,"column":59}},"1":{"start":{"line":5,"column":4},"end":{"line":5,"column":null}},"2":{"start":{"line":8,"column":4},"end":{"line":8,"column":null}},"3":{"start":{"line":11,"column":4},"end":{"line":11,"column":null}},"4":{"start":{"line":3,"column":0},"end":{"line":3,"column":13}},"5":{"start":{"line":14,"column":0},"end":{"line":14,"column":13}}},"fnMap":{},"branchMap":{},"s":{"0":0,"1":0,"2":0,"3":0,"4":0,"5":0},"f":{},"b":{}}
,"/home/ishamir99/geshem/geshem-backend/src/modules/crops/dto/cropType.dto.ts": {"path":"/home/ishamir99/geshem/geshem-backend/src/modules/crops/dto/cropType.dto.ts","statementMap":{"0":{"start":{"line":1,"column":0},"end":{"line":1,"column":59}},"1":{"start":{"line":5,"column":4},"end":{"line":5,"column":null}},"2":{"start":{"line":3,"column":0},"end":{"line":3,"column":13}},"3":{"start":{"line":8,"column":0},"end":{"line":8,"column":13}}},"fnMap":{},"branchMap":{},"s":{"0":1,"1":1,"2":1,"3":1},"f":{},"b":{}}
,"/home/ishamir99/geshem/geshem-backend/src/modules/crops/entities/crop.entity.ts": {"path":"/home/ishamir99/geshem/geshem-backend/src/modules/crops/entities/crop.entity.ts","statementMap":{"0":{"start":{"line":1,"column":0},"end":{"line":1,"column":111}},"1":{"start":{"line":2,"column":0},"end":{"line":2,"column":45}},"2":{"start":{"line":3,"column":0},"end":{"line":3,"column":49}},"3":{"start":{"line":4,"column":0},"end":{"line":4,"column":85}},"4":{"start":{"line":7,"column":0},"end":{"line":25,"column":null}},"5":{"start":{"line":9,"column":3},"end":{"line":9,"column":null}},"6":{"start":{"line":12,"column":4},"end":{"line":12,"column":null}},"7":{"start":{"line":15,"column":4},"end":{"line":15,"column":null}},"8":{"start":{"line":18,"column":4},"end":{"line":18,"column":null}},"9":{"start":{"line":21,"column":4},"end":{"line":21,"column":null}},"10":{"start":{"line":19,"column":21},"end":{"line":19,"column":29}},"11":{"start":{"line":19,"column":43},"end":{"line":19,"column":56}},"12":{"start":{"line":24,"column":4},"end":{"line":24,"column":null}},"13":{"start":{"line":23,"column":23},"end":{"line":23,"column":33}},"14":{"start":{"line":23,"column":49},"end":{"line":23,"column":64}},"15":{"start":{"line":7,"column":13},"end":{"line":25,"column":null}},"16":{"start":{"line":7,"column":13},"end":{"line":7,"column":17}}},"fnMap":{"0":{"name":"(anonymous_2)","decl":{"start":{"line":19,"column":15},"end":{"line":19,"column":18}},"loc":{"start":{"line":19,"column":21},"end":{"line":19,"column":29}}},"1":{"name":"(anonymous_3)","decl":{"start":{"line":19,"column":31},"end":{"line":19,"column":39}},"loc":{"start":{"line":19,"column":43},"end":{"line":19,"column":56}}},"2":{"name":"(anonymous_4)","decl":{"start":{"line":23,"column":15},"end":{"line":23,"column":19}},"loc":{"start":{"line":23,"column":23},"end":{"line":23,"column":33}}},"3":{"name":"(anonymous_5)","decl":{"start":{"line":23,"column":35},"end":{"line":23,"column":45}},"loc":{"start":{"line":23,"column":49},"end":{"line":23,"column":64}}}},"branchMap":{},"s":{"0":1,"1":1,"2":1,"3":1,"4":1,"5":1,"6":1,"7":1,"8":1,"9":1,"10":0,"11":0,"12":1,"13":0,"14":0,"15":1,"16":1},"f":{"0":0,"1":0,"2":0,"3":0},"b":{}}
,"/home/ishamir99/geshem/geshem-backend/src/modules/crops/entities/cropStrain.entity.ts": {"path":"/home/ishamir99/geshem/geshem-backend/src/modules/crops/entities/cropStrain.entity.ts","statementMap":{"0":{"start":{"line":1,"column":0},"end":{"line":1,"column":64}},"1":{"start":{"line":2,"column":0},"end":{"line":2,"column":72}},"2":{"start":{"line":3,"column":0},"end":{"line":3,"column":133}},"3":{"start":{"line":4,"column":0},"end":{"line":4,"column":37}},"4":{"start":{"line":5,"column":0},"end":{"line":5,"column":45}},"5":{"start":{"line":8,"column":0},"end":{"line":54,"column":null}},"6":{"start":{"line":10,"column":4},"end":{"line":10,"column":null}},"7":{"start":{"line":13,"column":4},"end":{"line":13,"column":null}},"8":{"start":{"line":16,"column":4},"end":{"line":16,"column":null}},"9":{"start":{"line":19,"column":4},"end":{"line":19,"column":null}},"10":{"start":{"line":24,"column":4},"end":{"line":24,"column":null}},"11":{"start":{"line":20,"column":21},"end":{"line":20,"column":25}},"12":{"start":{"line":20,"column":35},"end":{"line":20,"column":47}},"13":{"start":{"line":27,"column":4},"end":{"line":27,"column":null}},"14":{"start":{"line":32,"column":4},"end":{"line":32,"column":null}},"15":{"start":{"line":28,"column":21},"end":{"line":28,"column":29}},"16":{"start":{"line":28,"column":43},"end":{"line":28,"column":59}},"17":{"start":{"line":49,"column":4},"end":{"line":49,"column":null}},"18":{"start":{"line":34,"column":22},"end":{"line":34,"column":29}},"19":{"start":{"line":35,"column":36},"end":{"line":35,"column":53}},"20":{"start":{"line":53,"column":4},"end":{"line":53,"column":null}},"21":{"start":{"line":52,"column":21},"end":{"line":52,"column":26}},"22":{"start":{"line":52,"column":38},"end":{"line":52,"column":53}},"23":{"start":{"line":8,"column":13},"end":{"line":54,"column":null}},"24":{"start":{"line":8,"column":13},"end":{"line":8,"column":23}}},"fnMap":{"0":{"name":"(anonymous_2)","decl":{"start":{"line":20,"column":15},"end":{"line":20,"column":18}},"loc":{"start":{"line":20,"column":21},"end":{"line":20,"column":25}}},"1":{"name":"(anonymous_3)","decl":{"start":{"line":20,"column":27},"end":{"line":20,"column":31}},"loc":{"start":{"line":20,"column":35},"end":{"line":20,"column":47}}},"2":{"name":"(anonymous_4)","decl":{"start":{"line":28,"column":15},"end":{"line":28,"column":18}},"loc":{"start":{"line":28,"column":21},"end":{"line":28,"column":29}}},"3":{"name":"(anonymous_5)","decl":{"start":{"line":28,"column":31},"end":{"line":28,"column":39}},"loc":{"start":{"line":28,"column":43},"end":{"line":28,"column":59}}},"4":{"name":"(anonymous_6)","decl":{"start":{"line":34,"column":16},"end":{"line":34,"column":19}},"loc":{"start":{"line":34,"column":22},"end":{"line":34,"column":29}}},"5":{"name":"(anonymous_7)","decl":{"start":{"line":35,"column":16},"end":{"line":35,"column":17}},"loc":{"start":{"line":35,"column":36},"end":{"line":35,"column":53}}},"6":{"name":"(anonymous_8)","decl":{"start":{"line":52,"column":15},"end":{"line":52,"column":18}},"loc":{"start":{"line":52,"column":21},"end":{"line":52,"column":26}}},"7":{"name":"(anonymous_9)","decl":{"start":{"line":52,"column":28},"end":{"line":52,"column":29}},"loc":{"start":{"line":52,"column":38},"end":{"line":52,"column":53}}}},"branchMap":{},"s":{"0":1,"1":1,"2":1,"3":1,"4":1,"5":1,"6":1,"7":1,"8":1,"9":1,"10":1,"11":0,"12":0,"13":1,"14":1,"15":0,"16":0,"17":1,"18":0,"19":0,"20":1,"21":0,"22":0,"23":1,"24":1},"f":{"0":0,"1":0,"2":0,"3":0,"4":0,"5":0,"6":0,"7":0},"b":{}}
,"/home/ishamir99/geshem/geshem-backend/src/modules/crops/entities/cropType.entity.ts": {"path":"/home/ishamir99/geshem/geshem-backend/src/modules/crops/entities/cropType.entity.ts","statementMap":{"0":{"start":{"line":1,"column":0},"end":{"line":1,"column":76}},"1":{"start":{"line":2,"column":0},"end":{"line":2,"column":37}},"2":{"start":{"line":3,"column":0},"end":{"line":3,"column":49}},"3":{"start":{"line":4,"column":0},"end":{"line":4,"column":85}},"4":{"start":{"line":7,"column":0},"end":{"line":26,"column":null}},"5":{"start":{"line":9,"column":4},"end":{"line":9,"column":null}},"6":{"start":{"line":13,"column":4},"end":{"line":13,"column":null}},"7":{"start":{"line":21,"column":4},"end":{"line":21,"column":null}},"8":{"start":{"line":16,"column":23},"end":{"line":16,"column":27}},"9":{"start":{"line":16,"column":37},"end":{"line":16,"column":46}},"10":{"start":{"line":25,"column":4},"end":{"line":25,"column":null}},"11":{"start":{"line":24,"column":23},"end":{"line":24,"column":33}},"12":{"start":{"line":24,"column":48},"end":{"line":24,"column":66}},"13":{"start":{"line":7,"column":13},"end":{"line":26,"column":null}},"14":{"start":{"line":7,"column":13},"end":{"line":7,"column":21}}},"fnMap":{"0":{"name":"(anonymous_2)","decl":{"start":{"line":16,"column":15},"end":{"line":16,"column":19}},"loc":{"start":{"line":16,"column":23},"end":{"line":16,"column":27}}},"1":{"name":"(anonymous_3)","decl":{"start":{"line":16,"column":29},"end":{"line":16,"column":33}},"loc":{"start":{"line":16,"column":37},"end":{"line":16,"column":46}}},"2":{"name":"(anonymous_4)","decl":{"start":{"line":24,"column":15},"end":{"line":24,"column":19}},"loc":{"start":{"line":24,"column":23},"end":{"line":24,"column":33}}},"3":{"name":"(anonymous_5)","decl":{"start":{"line":24,"column":35},"end":{"line":24,"column":44}},"loc":{"start":{"line":24,"column":48},"end":{"line":24,"column":66}}}},"branchMap":{},"s":{"0":1,"1":1,"2":1,"3":1,"4":1,"5":1,"6":1,"7":1,"8":0,"9":0,"10":1,"11":0,"12":0,"13":1,"14":1},"f":{"0":0,"1":0,"2":0,"3":0},"b":{}}
,"/home/ishamir99/geshem/geshem-backend/src/modules/crops/services/crop.service.ts": {"path":"/home/ishamir99/geshem/geshem-backend/src/modules/crops/services/crop.service.ts","statementMap":{"0":{"start":{"line":1,"column":0},"end":{"line":1,"column":52}},"1":{"start":{"line":2,"column":0},"end":{"line":2,"column":51}},"2":{"start":{"line":3,"column":0},"end":{"line":3,"column":41}},"3":{"start":{"line":4,"column":0},"end":{"line":4,"column":92}},"4":{"start":{"line":6,"column":0},"end":{"line":6,"column":47}},"5":{"start":{"line":7,"column":0},"end":{"line":7,"column":50}},"6":{"start":{"line":8,"column":0},"end":{"line":8,"column":66}},"7":{"start":{"line":14,"column":0},"end":{"line":147,"column":null}},"8":{"start":{"line":20,"column":6},"end":{"line":20,"column":24}},"9":{"start":{"line":17,"column":16},"end":{"line":17,"column":28}},"10":{"start":{"line":18,"column":46},"end":{"line":18,"column":70}},"11":{"start":{"line":21,"column":6},"end":{"line":21,"column":45}},"12":{"start":{"line":25,"column":17},"end":{"line":25,"column":19}},"13":{"start":{"line":26,"column":4},"end":{"line":30,"column":null}},"14":{"start":{"line":27,"column":21},"end":{"line":27,"column":27}},"15":{"start":{"line":28,"column":21},"end":{"line":28,"column":49}},"16":{"start":{"line":28,"column":52},"end":{"line":28,"column":58}},"17":{"start":{"line":29,"column":18},"end":{"line":29,"column":42}},"18":{"start":{"line":29,"column":45},"end":{"line":29,"column":51}},"19":{"start":{"line":31,"column":4},"end":{"line":31,"column":null}},"20":{"start":{"line":35,"column":15},"end":{"line":35,"column":25}},"21":{"start":{"line":36,"column":4},"end":{"line":36,"column":35}},"22":{"start":{"line":37,"column":4},"end":{"line":37,"column":37}},"23":{"start":{"line":38,"column":4},"end":{"line":38,"column":39}},"24":{"start":{"line":39,"column":4},"end":{"line":39,"column":37}},"25":{"start":{"line":40,"column":4},"end":{"line":40,"column":null}},"26":{"start":{"line":45,"column":19},"end":{"line":45,"column":23}},"27":{"start":{"line":47,"column":6},"end":{"line":47,"column":57}},"28":{"start":{"line":48,"column":23},"end":{"line":48,"column":55}},"29":{"start":{"line":49,"column":6},"end":{"line":49,"column":null}},"30":{"start":{"line":51,"column":6},"end":{"line":54,"column":null}},"31":{"start":{"line":52,"column":30},"end":{"line":52,"column":101}},"32":{"start":{"line":53,"column":8},"end":{"line":53,"column":null}},"33":{"start":{"line":55,"column":6},"end":{"line":55,"column":45}},"34":{"start":{"line":56,"column":6},"end":{"line":56,"column":41}},"35":{"start":{"line":57,"column":6},"end":{"line":57,"column":43}},"36":{"start":{"line":59,"column":6},"end":{"line":59,"column":55}},"37":{"start":{"line":61,"column":6},"end":{"line":61,"column":20}},"38":{"start":{"line":67,"column":6},"end":{"line":67,"column":87}},"39":{"start":{"line":68,"column":6},"end":{"line":68,"column":18}},"40":{"start":{"line":72,"column":16},"end":{"line":72,"column":20}},"41":{"start":{"line":73,"column":18},"end":{"line":73,"column":56}},"42":{"start":{"line":75,"column":4},"end":{"line":77,"column":7}},"43":{"start":{"line":78,"column":4},"end":{"line":78,"column":18}},"44":{"start":{"line":84,"column":18},"end":{"line":84,"column":22}},"45":{"start":{"line":85,"column":19},"end":{"line":85,"column":57}},"46":{"start":{"line":88,"column":6},"end":{"line":93,"column":9}},"47":{"start":{"line":97,"column":4},"end":{"line":98,"column":52}},"48":{"start":{"line":98,"column":6},"end":{"line":98,"column":52}},"49":{"start":{"line":100,"column":4},"end":{"line":103,"column":7}},"50":{"start":{"line":108,"column":20},"end":{"line":108,"column":93}},"51":{"start":{"line":112,"column":25},"end":{"line":112,"column":27}},"52":{"start":{"line":113,"column":5},"end":{"line":115,"column":null}},"53":{"start":{"line":114,"column":6},"end":{"line":114,"column":null}},"54":{"start":{"line":116,"column":5},"end":{"line":116,"column":18}},"55":{"start":{"line":129,"column":22},"end":{"line":129,"column":86}},"56":{"start":{"line":130,"column":28},"end":{"line":130,"column":51}},"57":{"start":{"line":132,"column":4},"end":{"line":144,"column":null}},"58":{"start":{"line":133,"column":28},"end":{"line":134,"column":47}},"59":{"start":{"line":134,"column":28},"end":{"line":134,"column":45}},"60":{"start":{"line":136,"column":26},"end":{"line":136,"column":59}},"61":{"start":{"line":138,"column":22},"end":{"line":138,"column":94}},"62":{"start":{"line":139,"column":6},"end":{"line":143,"column":null}},"63":{"start":{"line":140,"column":8},"end":{"line":142,"column":null}},"64":{"start":{"line":141,"column":11},"end":{"line":141,"column":45}},"65":{"start":{"line":145,"column":4},"end":{"line":145,"column":null}},"66":{"start":{"line":14,"column":13},"end":{"line":147,"column":null}},"67":{"start":{"line":14,"column":13},"end":{"line":14,"column":24}}},"fnMap":{"0":{"name":"(anonymous_4)","decl":{"start":{"line":15,"column":2},"end":{"line":15,"column":null}},"loc":{"start":{"line":18,"column":92},"end":{"line":22,"column":5}}},"1":{"name":"(anonymous_5)","decl":{"start":{"line":24,"column":10},"end":{"line":24,"column":29}},"loc":{"start":{"line":24,"column":57},"end":{"line":32,"column":3}}},"2":{"name":"(anonymous_6)","decl":{"start":{"line":34,"column":2},"end":{"line":34,"column":7}},"loc":{"start":{"line":34,"column":43},"end":{"line":41,"column":3}}},"3":{"name":"(anonymous_7)","decl":{"start":{"line":42,"column":2},"end":{"line":42,"column":7}},"loc":{"start":{"line":44,"column":32},"end":{"line":63,"column":3}}},"4":{"name":"(anonymous_8)","decl":{"start":{"line":65,"column":2},"end":{"line":65,"column":7}},"loc":{"start":{"line":66,"column":14},"end":{"line":69,"column":3}}},"5":{"name":"(anonymous_9)","decl":{"start":{"line":71,"column":2},"end":{"line":71,"column":8}},"loc":{"start":{"line":71,"column":45},"end":{"line":79,"column":3}}},"6":{"name":"(anonymous_10)","decl":{"start":{"line":81,"column":2},"end":{"line":81,"column":13}},"loc":{"start":{"line":83,"column":39},"end":{"line":94,"column":3}}},"7":{"name":"(anonymous_11)","decl":{"start":{"line":96,"column":2},"end":{"line":96,"column":7}},"loc":{"start":{"line":96,"column":43},"end":{"line":105,"column":3}}},"8":{"name":"(anonymous_12)","decl":{"start":{"line":107,"column":2},"end":{"line":107,"column":7}},"loc":{"start":{"line":107,"column":53},"end":{"line":117,"column":4}}},"9":{"name":"(anonymous_13)","decl":{"start":{"line":127,"column":2},"end":{"line":127,"column":7}},"loc":{"start":{"line":127,"column":46},"end":{"line":146,"column":3}}},"10":{"name":"(anonymous_14)","decl":{"start":{"line":134,"column":24},"end":{"line":134,"column":25}},"loc":{"start":{"line":134,"column":27},"end":{"line":134,"column":45}}}},"branchMap":{"0":{"loc":{"start":{"line":26,"column":4},"end":{"line":30,"column":null}},"type":"switch","locations":[{"start":{"line":27,"column":6},"end":{"line":27,"column":null}},{"start":{"line":28,"column":6},"end":{"line":28,"column":null}},{"start":{"line":29,"column":6},"end":{"line":29,"column":null}}]},"1":{"loc":{"start":{"line":51,"column":6},"end":{"line":54,"column":null}},"type":"if","locations":[{"start":{"line":51,"column":6},"end":{"line":54,"column":null}}]},"2":{"loc":{"start":{"line":71,"column":9},"end":{"line":71,"column":45}},"type":"default-arg","locations":[{"start":{"line":71,"column":39},"end":{"line":71,"column":45}}]},"3":{"loc":{"start":{"line":83,"column":4},"end":{"line":83,"column":39}},"type":"default-arg","locations":[{"start":{"line":83,"column":33},"end":{"line":83,"column":39}}]},"4":{"loc":{"start":{"line":97,"column":4},"end":{"line":98,"column":52}},"type":"if","locations":[{"start":{"line":97,"column":4},"end":{"line":98,"column":52}}]},"5":{"loc":{"start":{"line":132,"column":4},"end":{"line":144,"column":null}},"type":"if","locations":[{"start":{"line":132,"column":4},"end":{"line":144,"column":null}}]},"6":{"loc":{"start":{"line":139,"column":6},"end":{"line":143,"column":null}},"type":"if","locations":[{"start":{"line":139,"column":6},"end":{"line":143,"column":null}}]}},"s":{"0":0,"1":0,"2":0,"3":0,"4":0,"5":0,"6":0,"7":0,"8":0,"9":0,"10":0,"11":0,"12":0,"13":0,"14":0,"15":0,"16":0,"17":0,"18":0,"19":0,"20":0,"21":0,"22":0,"23":0,"24":0,"25":0,"26":0,"27":0,"28":0,"29":0,"30":0,"31":0,"32":0,"33":0,"34":0,"35":0,"36":0,"37":0,"38":0,"39":0,"40":0,"41":0,"42":0,"43":0,"44":0,"45":0,"46":0,"47":0,"48":0,"49":0,"50":0,"51":0,"52":0,"53":0,"54":0,"55":0,"56":0,"57":0,"58":0,"59":0,"60":0,"61":0,"62":0,"63":0,"64":0,"65":0,"66":0,"67":0},"f":{"0":0,"1":0,"2":0,"3":0,"4":0,"5":0,"6":0,"7":0,"8":0,"9":0,"10":0},"b":{"0":[0,0,0],"1":[0],"2":[0],"3":[0],"4":[0],"5":[0],"6":[0]}}
,"/home/ishamir99/geshem/geshem-backend/src/modules/crops/services/cropStrain.service.ts": {"path":"/home/ishamir99/geshem/geshem-backend/src/modules/crops/services/cropStrain.service.ts","statementMap":{"0":{"start":{"line":1,"column":0},"end":{"line":1,"column":52}},"1":{"start":{"line":2,"column":0},"end":{"line":2,"column":51}},"2":{"start":{"line":3,"column":0},"end":{"line":3,"column":41}},"3":{"start":{"line":4,"column":0},"end":{"line":4,"column":92}},"4":{"start":{"line":6,"column":0},"end":{"line":6,"column":59}},"5":{"start":{"line":8,"column":0},"end":{"line":8,"column":50}},"6":{"start":{"line":9,"column":0},"end":{"line":9,"column":66}},"7":{"start":{"line":12,"column":0},"end":{"line":131,"column":null}},"8":{"start":{"line":18,"column":6},"end":{"line":18,"column":34}},"9":{"start":{"line":15,"column":16},"end":{"line":15,"column":38}},"10":{"start":{"line":16,"column":46},"end":{"line":16,"column":70}},"11":{"start":{"line":19,"column":6},"end":{"line":19,"column":45}},"12":{"start":{"line":23,"column":23},"end":{"line":23,"column":39}},"13":{"start":{"line":24,"column":6},"end":{"line":24,"column":49}},"14":{"start":{"line":25,"column":6},"end":{"line":25,"column":51}},"15":{"start":{"line":28,"column":21},"end":{"line":28,"column":94}},"16":{"start":{"line":29,"column":6},"end":{"line":32,"column":null}},"17":{"start":{"line":30,"column":8},"end":{"line":30,"column":55}},"18":{"start":{"line":31,"column":8},"end":{"line":31,"column":46}},"19":{"start":{"line":34,"column":6},"end":{"line":34,"column":55}},"20":{"start":{"line":35,"column":6},"end":{"line":35,"column":24}},"21":{"start":{"line":41,"column":8},"end":{"line":41,"column":73}},"22":{"start":{"line":43,"column":21},"end":{"line":43,"column":25}},"23":{"start":{"line":45,"column":31},"end":{"line":45,"column":64}},"24":{"start":{"line":46,"column":8},"end":{"line":46,"column":null}},"25":{"start":{"line":48,"column":34},"end":{"line":48,"column":38}},"26":{"start":{"line":49,"column":8},"end":{"line":52,"column":null}},"27":{"start":{"line":50,"column":12},"end":{"line":50,"column":null}},"28":{"start":{"line":51,"column":12},"end":{"line":51,"column":null}},"29":{"start":{"line":56,"column":8},"end":{"line":56,"column":55}},"30":{"start":{"line":57,"column":8},"end":{"line":57,"column":59}},"31":{"start":{"line":58,"column":8},"end":{"line":58,"column":57}},"32":{"start":{"line":59,"column":8},"end":{"line":59,"column":44}},"33":{"start":{"line":60,"column":8},"end":{"line":60,"column":53}},"34":{"start":{"line":62,"column":8},"end":{"line":62,"column":63}},"35":{"start":{"line":64,"column":8},"end":{"line":64,"column":22}},"36":{"start":{"line":69,"column":8},"end":{"line":69,"column":92}},"37":{"start":{"line":70,"column":8},"end":{"line":70,"column":20}},"38":{"start":{"line":74,"column":6},"end":{"line":74,"column":46}},"39":{"start":{"line":78,"column":6},"end":{"line":81,"column":9}},"40":{"start":{"line":85,"column":6},"end":{"line":86,"column":50}},"41":{"start":{"line":86,"column":8},"end":{"line":86,"column":50}},"42":{"start":{"line":87,"column":6},"end":{"line":89,"column":9}},"43":{"start":{"line":95,"column":6},"end":{"line":100,"column":9}},"44":{"start":{"line":105,"column":6},"end":{"line":106,"column":54}},"45":{"start":{"line":106,"column":8},"end":{"line":106,"column":54}},"46":{"start":{"line":107,"column":6},"end":{"line":112,"column":11}},"47":{"start":{"line":117,"column":6},"end":{"line":118,"column":54}},"48":{"start":{"line":118,"column":8},"end":{"line":118,"column":54}},"49":{"start":{"line":120,"column":24},"end":{"line":120,"column":88}},"50":{"start":{"line":121,"column":6},"end":{"line":121,"column":null}},"51":{"start":{"line":123,"column":38},"end":{"line":123,"column":67}},"52":{"start":{"line":125,"column":8},"end":{"line":127,"column":null}},"53":{"start":{"line":126,"column":10},"end":{"line":126,"column":54}},"54":{"start":{"line":128,"column":8},"end":{"line":128,"column":null}},"55":{"start":{"line":12,"column":13},"end":{"line":131,"column":null}},"56":{"start":{"line":12,"column":13},"end":{"line":12,"column":30}}},"fnMap":{"0":{"name":"(anonymous_4)","decl":{"start":{"line":13,"column":2},"end":{"line":13,"column":null}},"loc":{"start":{"line":16,"column":92},"end":{"line":20,"column":5}}},"1":{"name":"(anonymous_5)","decl":{"start":{"line":22,"column":4},"end":{"line":22,"column":9}},"loc":{"start":{"line":22,"column":57},"end":{"line":36,"column":5}}},"2":{"name":"(anonymous_6)","decl":{"start":{"line":38,"column":4},"end":{"line":38,"column":9}},"loc":{"start":{"line":40,"column":46},"end":{"line":65,"column":5}}},"3":{"name":"(anonymous_7)","decl":{"start":{"line":67,"column":4},"end":{"line":67,"column":9}},"loc":{"start":{"line":68,"column":16},"end":{"line":71,"column":5}}},"4":{"name":"(anonymous_8)","decl":{"start":{"line":73,"column":4},"end":{"line":73,"column":10}},"loc":{"start":{"line":73,"column":10},"end":{"line":75,"column":5}}},"5":{"name":"(anonymous_9)","decl":{"start":{"line":77,"column":4},"end":{"line":77,"column":9}},"loc":{"start":{"line":77,"column":49},"end":{"line":82,"column":5}}},"6":{"name":"(anonymous_10)","decl":{"start":{"line":84,"column":4},"end":{"line":84,"column":28}},"loc":{"start":{"line":84,"column":43},"end":{"line":90,"column":5}}},"7":{"name":"(anonymous_11)","decl":{"start":{"line":94,"column":4},"end":{"line":94,"column":28}},"loc":{"start":{"line":94,"column":51},"end":{"line":101,"column":5}}},"8":{"name":"(anonymous_12)","decl":{"start":{"line":103,"column":4},"end":{"line":103,"column":9}},"loc":{"start":{"line":103,"column":51},"end":{"line":113,"column":5}}},"9":{"name":"(anonymous_13)","decl":{"start":{"line":115,"column":4},"end":{"line":115,"column":9}},"loc":{"start":{"line":115,"column":53},"end":{"line":129,"column":7}}}},"branchMap":{"0":{"loc":{"start":{"line":29,"column":6},"end":{"line":32,"column":null}},"type":"if","locations":[{"start":{"line":29,"column":6},"end":{"line":32,"column":null}}]},"1":{"loc":{"start":{"line":49,"column":8},"end":{"line":52,"column":null}},"type":"if","locations":[{"start":{"line":49,"column":8},"end":{"line":52,"column":null}}]},"2":{"loc":{"start":{"line":85,"column":6},"end":{"line":86,"column":50}},"type":"if","locations":[{"start":{"line":85,"column":6},"end":{"line":86,"column":50}}]},"3":{"loc":{"start":{"line":105,"column":6},"end":{"line":106,"column":54}},"type":"if","locations":[{"start":{"line":105,"column":6},"end":{"line":106,"column":54}}]},"4":{"loc":{"start":{"line":117,"column":6},"end":{"line":118,"column":54}},"type":"if","locations":[{"start":{"line":117,"column":6},"end":{"line":118,"column":54}}]}},"s":{"0":0,"1":0,"2":0,"3":0,"4":0,"5":0,"6":0,"7":0,"8":0,"9":0,"10":0,"11":0,"12":0,"13":0,"14":0,"15":0,"16":0,"17":0,"18":0,"19":0,"20":0,"21":0,"22":0,"23":0,"24":0,"25":0,"26":0,"27":0,"28":0,"29":0,"30":0,"31":0,"32":0,"33":0,"34":0,"35":0,"36":0,"37":0,"38":0,"39":0,"40":0,"41":0,"42":0,"43":0,"44":0,"45":0,"46":0,"47":0,"48":0,"49":0,"50":0,"51":0,"52":0,"53":0,"54":0,"55":0,"56":0},"f":{"0":0,"1":0,"2":0,"3":0,"4":0,"5":0,"6":0,"7":0,"8":0,"9":0},"b":{"0":[0],"1":[0],"2":[0],"3":[0],"4":[0]}}
,"/home/ishamir99/geshem/geshem-backend/src/modules/crops/services/cropType.service.ts": {"path":"/home/ishamir99/geshem/geshem-backend/src/modules/crops/services/cropType.service.ts","statementMap":{"0":{"start":{"line":1,"column":0},"end":{"line":1,"column":64}},"1":{"start":{"line":2,"column":0},"end":{"line":2,"column":51}},"2":{"start":{"line":3,"column":0},"end":{"line":3,"column":41}},"3":{"start":{"line":5,"column":0},"end":{"line":5,"column":55}},"4":{"start":{"line":6,"column":0},"end":{"line":6,"column":92}},"5":{"start":{"line":7,"column":0},"end":{"line":7,"column":50}},"6":{"start":{"line":8,"column":0},"end":{"line":8,"column":68}},"7":{"start":{"line":12,"column":0},"end":{"line":88,"column":null}},"8":{"start":{"line":19,"column":4},"end":{"line":19,"column":22}},"9":{"start":{"line":15,"column":14},"end":{"line":15,"column":26}},"10":{"start":{"line":17,"column":44},"end":{"line":17,"column":68}},"11":{"start":{"line":20,"column":4},"end":{"line":20,"column":null}},"12":{"start":{"line":24,"column":19},"end":{"line":24,"column":33}},"13":{"start":{"line":25,"column":4},"end":{"line":25,"column":43}},"14":{"start":{"line":26,"column":4},"end":{"line":26,"column":41}},"15":{"start":{"line":27,"column":4},"end":{"line":27,"column":20}},"16":{"start":{"line":33,"column":6},"end":{"line":33,"column":88}},"17":{"start":{"line":34,"column":6},"end":{"line":34,"column":18}},"18":{"start":{"line":39,"column":6},"end":{"line":39,"column":87}},"19":{"start":{"line":40,"column":6},"end":{"line":40,"column":19}},"20":{"start":{"line":44,"column":4},"end":{"line":44,"column":34}},"21":{"start":{"line":48,"column":4},"end":{"line":49,"column":52}},"22":{"start":{"line":49,"column":6},"end":{"line":49,"column":52}},"23":{"start":{"line":50,"column":4},"end":{"line":54,"column":7}},"24":{"start":{"line":58,"column":21},"end":{"line":62,"column":10}},"25":{"start":{"line":63,"column":4},"end":{"line":63,"column":null}},"26":{"start":{"line":70,"column":22},"end":{"line":70,"column":86}},"27":{"start":{"line":71,"column":32},"end":{"line":71,"column":59}},"28":{"start":{"line":73,"column":4},"end":{"line":85,"column":null}},"29":{"start":{"line":74,"column":28},"end":{"line":75,"column":47}},"30":{"start":{"line":75,"column":28},"end":{"line":75,"column":45}},"31":{"start":{"line":77,"column":26},"end":{"line":77,"column":59}},"32":{"start":{"line":79,"column":26},"end":{"line":79,"column":75}},"33":{"start":{"line":80,"column":6},"end":{"line":84,"column":null}},"34":{"start":{"line":81,"column":8},"end":{"line":83,"column":null}},"35":{"start":{"line":82,"column":11},"end":{"line":82,"column":57}},"36":{"start":{"line":86,"column":4},"end":{"line":86,"column":30}},"37":{"start":{"line":12,"column":13},"end":{"line":88,"column":null}},"38":{"start":{"line":12,"column":13},"end":{"line":12,"column":28}}},"fnMap":{"0":{"name":"(anonymous_4)","decl":{"start":{"line":13,"column":2},"end":{"line":13,"column":null}},"loc":{"start":{"line":17,"column":90},"end":{"line":21,"column":3}}},"1":{"name":"(anonymous_5)","decl":{"start":{"line":23,"column":2},"end":{"line":23,"column":7}},"loc":{"start":{"line":23,"column":51},"end":{"line":28,"column":3}}},"2":{"name":"(anonymous_6)","decl":{"start":{"line":30,"column":2},"end":{"line":30,"column":7}},"loc":{"start":{"line":32,"column":40},"end":{"line":35,"column":3}}},"3":{"name":"(anonymous_7)","decl":{"start":{"line":37,"column":2},"end":{"line":37,"column":7}},"loc":{"start":{"line":38,"column":14},"end":{"line":41,"column":3}}},"4":{"name":"(anonymous_8)","decl":{"start":{"line":43,"column":2},"end":{"line":43,"column":8}},"loc":{"start":{"line":43,"column":8},"end":{"line":45,"column":3}}},"5":{"name":"(anonymous_9)","decl":{"start":{"line":47,"column":2},"end":{"line":47,"column":17}},"loc":{"start":{"line":47,"column":28},"end":{"line":55,"column":3}}},"6":{"name":"(anonymous_10)","decl":{"start":{"line":57,"column":2},"end":{"line":57,"column":7}},"loc":{"start":{"line":57,"column":52},"end":{"line":64,"column":3}}},"7":{"name":"(anonymous_11)","decl":{"start":{"line":68,"column":2},"end":{"line":68,"column":7}},"loc":{"start":{"line":68,"column":50},"end":{"line":87,"column":3}}},"8":{"name":"(anonymous_12)","decl":{"start":{"line":75,"column":24},"end":{"line":75,"column":25}},"loc":{"start":{"line":75,"column":27},"end":{"line":75,"column":45}}}},"branchMap":{"0":{"loc":{"start":{"line":48,"column":4},"end":{"line":49,"column":52}},"type":"if","locations":[{"start":{"line":48,"column":4},"end":{"line":49,"column":52}}]},"1":{"loc":{"start":{"line":73,"column":4},"end":{"line":85,"column":null}},"type":"if","locations":[{"start":{"line":73,"column":4},"end":{"line":85,"column":null}}]},"2":{"loc":{"start":{"line":80,"column":6},"end":{"line":84,"column":null}},"type":"if","locations":[{"start":{"line":80,"column":6},"end":{"line":84,"column":null}}]}},"s":{"0":1,"1":1,"2":1,"3":1,"4":1,"5":1,"6":1,"7":1,"8":0,"9":0,"10":0,"11":0,"12":0,"13":0,"14":0,"15":0,"16":0,"17":0,"18":0,"19":0,"20":0,"21":0,"22":0,"23":0,"24":0,"25":0,"26":0,"27":0,"28":0,"29":0,"30":0,"31":0,"32":0,"33":0,"34":0,"35":0,"36":0,"37":1,"38":1},"f":{"0":0,"1":0,"2":0,"3":0,"4":0,"5":0,"6":0,"7":0,"8":0},"b":{"0":[0],"1":[0],"2":[0]}}
,"/home/ishamir99/geshem/geshem-backend/src/modules/crops/services/crops.connection.service.ts": {"path":"/home/ishamir99/geshem/geshem-backend/src/modules/crops/services/crops.connection.service.ts","statementMap":{"0":{"start":{"line":1,"column":0},"end":{"line":1,"column":44}},"1":{"start":{"line":2,"column":0},"end":{"line":2,"column":38}},"2":{"start":{"line":3,"column":0},"end":{"line":3,"column":56}},"3":{"start":{"line":4,"column":0},"end":{"line":4,"column":44}},"4":{"start":{"line":5,"column":0},"end":{"line":5,"column":52}},"5":{"start":{"line":9,"column":0},"end":{"line":82,"column":null}},"6":{"start":{"line":10,"column":24},"end":{"line":10,"column":37}},"7":{"start":{"line":15,"column":26},"end":{"line":19,"column":22}},"8":{"start":{"line":21,"column":8},"end":{"line":21,"column":null}},"9":{"start":{"line":26,"column":26},"end":{"line":32,"column":22}},"10":{"start":{"line":33,"column":8},"end":{"line":33,"column":null}},"11":{"start":{"line":37,"column":20},"end":{"line":41,"column":14}},"12":{"start":{"line":42,"column":8},"end":{"line":42,"column":null}},"13":{"start":{"line":55,"column":8},"end":{"line":55,"column":75}},"14":{"start":{"line":61,"column":19},"end":{"line":67,"column":14}},"15":{"start":{"line":68,"column":8},"end":{"line":68,"column":null}},"16":{"start":{"line":72,"column":8},"end":{"line":72,"column":67}},"17":{"start":{"line":73,"column":23},"end":{"line":79,"column":14}},"18":{"start":{"line":80,"column":8},"end":{"line":80,"column":24}},"19":{"start":{"line":9,"column":13},"end":{"line":82,"column":null}},"20":{"start":{"line":9,"column":13},"end":{"line":9,"column":35}}},"fnMap":{"0":{"name":"(anonymous_2)","decl":{"start":{"line":10,"column":4},"end":{"line":10,"column":24}},"loc":{"start":{"line":10,"column":47},"end":{"line":10,"column":51}}},"1":{"name":"(anonymous_3)","decl":{"start":{"line":13,"column":4},"end":{"line":13,"column":9}},"loc":{"start":{"line":13,"column":47},"end":{"line":22,"column":5}}},"2":{"name":"(anonymous_4)","decl":{"start":{"line":24,"column":4},"end":{"line":24,"column":9}},"loc":{"start":{"line":24,"column":48},"end":{"line":34,"column":5}}},"3":{"name":"(anonymous_5)","decl":{"start":{"line":36,"column":4},"end":{"line":36,"column":9}},"loc":{"start":{"line":36,"column":46},"end":{"line":43,"column":5}}},"4":{"name":"(anonymous_6)","decl":{"start":{"line":54,"column":4},"end":{"line":54,"column":9}},"loc":{"start":{"line":54,"column":36},"end":{"line":69,"column":5}}},"5":{"name":"(anonymous_7)","decl":{"start":{"line":71,"column":4},"end":{"line":71,"column":9}},"loc":{"start":{"line":71,"column":44},"end":{"line":81,"column":5}}}},"branchMap":{},"s":{"0":1,"1":1,"2":1,"3":1,"4":1,"5":1,"6":0,"7":0,"8":0,"9":0,"10":0,"11":0,"12":0,"13":0,"14":0,"15":0,"16":0,"17":0,"18":0,"19":1,"20":1},"f":{"0":0,"1":0,"2":0,"3":0,"4":0,"5":0},"b":{}}
,"/home/ishamir99/geshem/geshem-backend/src/modules/crops/services/crops.validator.ts": {"path":"/home/ishamir99/geshem/geshem-backend/src/modules/crops/services/crops.validator.ts","statementMap":{"0":{"start":{"line":1,"column":0},"end":{"line":1,"column":88}},"1":{"start":{"line":3,"column":0},"end":{"line":3,"column":13}}},"fnMap":{},"branchMap":{},"s":{"0":1,"1":1},"f":{},"b":{}}
,"/home/ishamir99/geshem/geshem-backend/src/modules/infrastructures/entities/abstract.entity.ts": {"path":"/home/ishamir99/geshem/geshem-backend/src/modules/infrastructures/entities/abstract.entity.ts","statementMap":{"0":{"start":{"line":1,"column":0},"end":{"line":1,"column":102}},"1":{"start":{"line":6,"column":2},"end":{"line":6,"column":null}},"2":{"start":{"line":4,"column":0},"end":{"line":4,"column":13}},"3":{"start":{"line":14,"column":15},"end":{"line":14,"column":null}},"4":{"start":{"line":11,"column":0},"end":{"line":11,"column":13}}},"fnMap":{},"branchMap":{},"s":{"0":1,"1":1,"2":1,"3":1,"4":1},"f":{},"b":{}}
,"/home/ishamir99/geshem/geshem-backend/src/modules/infrastructures/services/service.generic.ts": {"path":"/home/ishamir99/geshem/geshem-backend/src/modules/infrastructures/services/service.generic.ts","statementMap":{"0":{"start":{"line":18,"column":26},"end":{"line":18,"column":51}},"1":{"start":{"line":19,"column":8},"end":{"line":19,"column":null}},"2":{"start":{"line":23,"column":8},"end":{"line":23,"column":null}},"3":{"start":{"line":26,"column":8},"end":{"line":26,"column":31}},"4":{"start":{"line":28,"column":54},"end":{"line":28,"column":66}},"5":{"start":{"line":29,"column":67},"end":{"line":29,"column":79}},"6":{"start":{"line":30,"column":53},"end":{"line":30,"column":65}},"7":{"start":{"line":16,"column":0},"end":{"line":16,"column":13}}},"fnMap":{"0":{"name":"(anonymous_0)","decl":{"start":{"line":18,"column":4},"end":{"line":18,"column":26}},"loc":{"start":{"line":18,"column":51},"end":{"line":20,"column":5}}},"1":{"name":"(anonymous_1)","decl":{"start":{"line":22,"column":4},"end":{"line":22,"column":18}},"loc":{"start":{"line":22,"column":31},"end":{"line":24,"column":5}}},"2":{"name":"(anonymous_2)","decl":{"start":{"line":25,"column":4},"end":{"line":25,"column":18}},"loc":{"start":{"line":25,"column":27},"end":{"line":27,"column":5}}},"3":{"name":"(anonymous_3)","decl":{"start":{"line":28,"column":4},"end":{"line":28,"column":9}},"loc":{"start":{"line":28,"column":35},"end":{"line":28,"column":66}}},"4":{"name":"(anonymous_4)","decl":{"start":{"line":29,"column":4},"end":{"line":29,"column":9}},"loc":{"start":{"line":29,"column":48},"end":{"line":29,"column":79}}},"5":{"name":"(anonymous_5)","decl":{"start":{"line":30,"column":4},"end":{"line":30,"column":9}},"loc":{"start":{"line":30,"column":33},"end":{"line":30,"column":65}}}},"branchMap":{},"s":{"0":0,"1":0,"2":0,"3":0,"4":0,"5":0,"6":0,"7":1},"f":{"0":0,"1":0,"2":0,"3":0,"4":0,"5":0},"b":{}}
,"/home/ishamir99/geshem/geshem-backend/src/modules/infrastructures/services/service.specific.ts": {"path":"/home/ishamir99/geshem/geshem-backend/src/modules/infrastructures/services/service.specific.ts","statementMap":{"0":{"start":{"line":2,"column":0},"end":{"line":2,"column":71}},"1":{"start":{"line":4,"column":0},"end":{"line":4,"column":80}},"2":{"start":{"line":21,"column":8},"end":{"line":21,"column":26}},"3":{"start":{"line":20,"column":18},"end":{"line":20,"column":43}},"4":{"start":{"line":28,"column":12},"end":{"line":28,"column":null}},"5":{"start":{"line":32,"column":8},"end":{"line":34,"column":null}},"6":{"start":{"line":33,"column":12},"end":{"line":33,"column":44}},"7":{"start":{"line":35,"column":8},"end":{"line":35,"column":null}},"8":{"start":{"line":40,"column":8},"end":{"line":42,"column":null}},"9":{"start":{"line":41,"column":12},"end":{"line":41,"column":44}},"10":{"start":{"line":43,"column":8},"end":{"line":43,"column":20}},"11":{"start":{"line":50,"column":12},"end":{"line":52,"column":null}},"12":{"start":{"line":51,"column":16},"end":{"line":51,"column":48}},"13":{"start":{"line":53,"column":12},"end":{"line":53,"column":null}},"14":{"start":{"line":60,"column":12},"end":{"line":62,"column":null}},"15":{"start":{"line":61,"column":16},"end":{"line":61,"column":48}},"16":{"start":{"line":63,"column":8},"end":{"line":63,"column":14}},"17":{"start":{"line":17,"column":0},"end":{"line":17,"column":13}}},"fnMap":{"0":{"name":"(anonymous_0)","decl":{"start":{"line":19,"column":4},"end":{"line":19,"column":null}},"loc":{"start":{"line":20,"column":43},"end":{"line":22,"column":5}}},"1":{"name":"(anonymous_1)","decl":{"start":{"line":26,"column":4},"end":{"line":26,"column":9}},"loc":{"start":{"line":27,"column":46},"end":{"line":29,"column":5}}},"2":{"name":"(anonymous_2)","decl":{"start":{"line":31,"column":4},"end":{"line":31,"column":9}},"loc":{"start":{"line":31,"column":41},"end":{"line":36,"column":5}}},"3":{"name":"(anonymous_3)","decl":{"start":{"line":38,"column":4},"end":{"line":38,"column":9}},"loc":{"start":{"line":39,"column":35},"end":{"line":44,"column":5}}},"4":{"name":"(anonymous_4)","decl":{"start":{"line":46,"column":12},"end":{"line":46,"column":18}},"loc":{"start":{"line":49,"column":26},"end":{"line":55,"column":9}}},"5":{"name":"(anonymous_5)","decl":{"start":{"line":57,"column":12},"end":{"line":57,"column":18}},"loc":{"start":{"line":59,"column":26},"end":{"line":64,"column":5}}}},"branchMap":{"0":{"loc":{"start":{"line":32,"column":8},"end":{"line":34,"column":null}},"type":"if","locations":[{"start":{"line":32,"column":8},"end":{"line":34,"column":null}}]},"1":{"loc":{"start":{"line":40,"column":8},"end":{"line":42,"column":null}},"type":"if","locations":[{"start":{"line":40,"column":8},"end":{"line":42,"column":null}}]},"2":{"loc":{"start":{"line":50,"column":12},"end":{"line":52,"column":null}},"type":"if","locations":[{"start":{"line":50,"column":12},"end":{"line":52,"column":null}}]},"3":{"loc":{"start":{"line":60,"column":12},"end":{"line":62,"column":null}},"type":"if","locations":[{"start":{"line":60,"column":12},"end":{"line":62,"column":null}}]}},"s":{"0":0,"1":0,"2":0,"3":0,"4":0,"5":0,"6":0,"7":0,"8":0,"9":0,"10":0,"11":0,"12":0,"13":0,"14":0,"15":0,"16":0,"17":0},"f":{"0":0,"1":0,"2":0,"3":0,"4":0,"5":0},"b":{"0":[0],"1":[0],"2":[0],"3":[0]}}
,"/home/ishamir99/geshem/geshem-backend/src/modules/infrastructures/services/validators.base.ts": {"path":"/home/ishamir99/geshem/geshem-backend/src/modules/infrastructures/services/validators.base.ts","statementMap":{"0":{"start":{"line":1,"column":0},"end":{"line":1,"column":64}},"1":{"start":{"line":9,"column":13},"end":{"line":9,"column":55}},"2":{"start":{"line":12,"column":6},"end":{"line":12,"column":null}},"3":{"start":{"line":17,"column":6},"end":{"line":17,"column":19}},"4":{"start":{"line":23,"column":9},"end":{"line":25,"column":null}},"5":{"start":{"line":24,"column":12},"end":{"line":24,"column":111}},"6":{"start":{"line":27,"column":8},"end":{"line":27,"column":20}},"7":{"start":{"line":8,"column":0},"end":{"line":8,"column":13}},"8":{"start":{"line":34,"column":6},"end":{"line":34,"column":null}},"9":{"start":{"line":41,"column":9},"end":{"line":41,"column":22}},"10":{"start":{"line":31,"column":0},"end":{"line":31,"column":13}}},"fnMap":{"0":{"name":"(anonymous_0)","decl":{"start":{"line":11,"column":3},"end":{"line":11,"column":15}},"loc":{"start":{"line":11,"column":47},"end":{"line":13,"column":4}}},"1":{"name":"(anonymous_1)","decl":{"start":{"line":16,"column":10},"end":{"line":16,"column":19}},"loc":{"start":{"line":16,"column":19},"end":{"line":18,"column":4}}},"2":{"name":"(anonymous_2)","decl":{"start":{"line":20,"column":10},"end":{"line":20,"column":21}},"loc":{"start":{"line":21,"column":38},"end":{"line":28,"column":7}}},"3":{"name":"(anonymous_3)","decl":{"start":{"line":33,"column":3},"end":{"line":33,"column":15}},"loc":{"start":{"line":33,"column":48},"end":{"line":35,"column":4}}},"4":{"name":"(anonymous_4)","decl":{"start":{"line":38,"column":10},"end":{"line":38,"column":26}},"loc":{"start":{"line":40,"column":18},"end":{"line":42,"column":7}}}},"branchMap":{"0":{"loc":{"start":{"line":21,"column":15},"end":{"line":21,"column":38}},"type":"default-arg","locations":[{"start":{"line":21,"column":36},"end":{"line":21,"column":38}}]},"1":{"loc":{"start":{"line":23,"column":9},"end":{"line":25,"column":null}},"type":"if","locations":[{"start":{"line":23,"column":9},"end":{"line":25,"column":null}}]}},"s":{"0":1,"1":0,"2":0,"3":0,"4":0,"5":0,"6":0,"7":1,"8":0,"9":0,"10":1},"f":{"0":0,"1":0,"2":0,"3":0,"4":0},"b":{"0":[0],"1":[0]}}
,"/home/ishamir99/geshem/geshem-backend/src/modules/plots/plots.controllers.ts": {"path":"/home/ishamir99/geshem/geshem-backend/src/modules/plots/plots.controllers.ts","statementMap":{"0":{"start":{"line":1,"column":0},"end":{"line":1,"column":168}},"1":{"start":{"line":3,"column":0},"end":{"line":3,"column":56}},"2":{"start":{"line":4,"column":0},"end":{"line":4,"column":56}},"3":{"start":{"line":5,"column":0},"end":{"line":5,"column":73}},"4":{"start":{"line":6,"column":0},"end":{"line":6,"column":63}},"5":{"start":{"line":7,"column":0},"end":{"line":7,"column":66}},"6":{"start":{"line":8,"column":0},"end":{"line":8,"column":90}},"7":{"start":{"line":9,"column":0},"end":{"line":9,"column":55}},"8":{"start":{"line":10,"column":0},"end":{"line":10,"column":68}},"9":{"start":{"line":12,"column":17},"end":{"line":16,"column":null}},"10":{"start":{"line":22,"column":0},"end":{"line":92,"column":null}},"11":{"start":{"line":25,"column":24},"end":{"line":25,"column":38}},"12":{"start":{"line":30,"column":7},"end":{"line":30,"column":null}},"13":{"start":{"line":31,"column":7},"end":{"line":31,"column":24}},"14":{"start":{"line":38,"column":8},"end":{"line":38,"column":74}},"15":{"start":{"line":39,"column":22},"end":{"line":39,"column":69}},"16":{"start":{"line":40,"column":8},"end":{"line":40,"column":55}},"17":{"start":{"line":47,"column":8},"end":{"line":47,"column":null}},"18":{"start":{"line":49,"column":22},"end":{"line":49,"column":82}},"19":{"start":{"line":50,"column":8},"end":{"line":50,"column":55}},"20":{"start":{"line":61,"column":8},"end":{"line":61,"column":null}},"21":{"start":{"line":62,"column":21},"end":{"line":62,"column":77}},"22":{"start":{"line":63,"column":8},"end":{"line":63,"column":20}},"23":{"start":{"line":75,"column":8},"end":{"line":75,"column":null}},"24":{"start":{"line":78,"column":21},"end":{"line":78,"column":81}},"25":{"start":{"line":79,"column":8},"end":{"line":79,"column":20}},"26":{"start":{"line":87,"column":8},"end":{"line":88,"column":77}},"27":{"start":{"line":89,"column":22},"end":{"line":89,"column":67}},"28":{"start":{"line":90,"column":8},"end":{"line":90,"column":21}},"29":{"start":{"line":28,"column":4},"end":{"line":32,"column":null}},"30":{"start":{"line":35,"column":4},"end":{"line":41,"column":null}},"31":{"start":{"line":44,"column":4},"end":{"line":51,"column":null}},"32":{"start":{"line":58,"column":4},"end":{"line":64,"column":null}},"33":{"start":{"line":71,"column":4},"end":{"line":80,"column":null}},"34":{"start":{"line":84,"column":4},"end":{"line":91,"column":null}},"35":{"start":{"line":22,"column":13},"end":{"line":92,"column":null}},"36":{"start":{"line":22,"column":13},"end":{"line":22,"column":27}},"37":{"start":{"line":96,"column":0},"end":{"line":177,"column":null}},"38":{"start":{"line":97,"column":24},"end":{"line":97,"column":38}},"39":{"start":{"line":102,"column":7},"end":{"line":102,"column":null}},"40":{"start":{"line":103,"column":7},"end":{"line":103,"column":24}},"41":{"start":{"line":110,"column":8},"end":{"line":110,"column":76}},"42":{"start":{"line":111,"column":28},"end":{"line":111,"column":75}},"43":{"start":{"line":112,"column":8},"end":{"line":112,"column":61}},"44":{"start":{"line":123,"column":8},"end":{"line":123,"column":null}},"45":{"start":{"line":124,"column":23},"end":{"line":124,"column":79}},"46":{"start":{"line":125,"column":8},"end":{"line":125,"column":56}},"47":{"start":{"line":145,"column":8},"end":{"line":145,"column":null}},"48":{"start":{"line":146,"column":21},"end":{"line":146,"column":78}},"49":{"start":{"line":147,"column":8},"end":{"line":147,"column":20}},"50":{"start":{"line":159,"column":8},"end":{"line":159,"column":null}},"51":{"start":{"line":160,"column":8},"end":{"line":161,"column":77}},"52":{"start":{"line":162,"column":21},"end":{"line":162,"column":82}},"53":{"start":{"line":163,"column":8},"end":{"line":163,"column":20}},"54":{"start":{"line":171,"column":8},"end":{"line":171,"column":null}},"55":{"start":{"line":172,"column":8},"end":{"line":173,"column":77}},"56":{"start":{"line":174,"column":31},"end":{"line":174,"column":76}},"57":{"start":{"line":175,"column":8},"end":{"line":175,"column":30}},"58":{"start":{"line":100,"column":4},"end":{"line":104,"column":null}},"59":{"start":{"line":107,"column":4},"end":{"line":113,"column":null}},"60":{"start":{"line":119,"column":4},"end":{"line":126,"column":6}},"61":{"start":{"line":142,"column":4},"end":{"line":148,"column":null}},"62":{"start":{"line":155,"column":4},"end":{"line":164,"column":null}},"63":{"start":{"line":168,"column":4},"end":{"line":176,"column":null}},"64":{"start":{"line":96,"column":13},"end":{"line":177,"column":null}},"65":{"start":{"line":96,"column":13},"end":{"line":96,"column":28}},"66":{"start":{"line":181,"column":0},"end":{"line":252,"column":null}},"67":{"start":{"line":183,"column":24},"end":{"line":183,"column":45}},"68":{"start":{"line":188,"column":7},"end":{"line":188,"column":null}},"69":{"start":{"line":189,"column":7},"end":{"line":189,"column":24}},"70":{"start":{"line":197,"column":8},"end":{"line":197,"column":97}},"71":{"start":{"line":198,"column":24},"end":{"line":198,"column":79}},"72":{"start":{"line":200,"column":8},"end":{"line":200,"column":58}},"73":{"start":{"line":208,"column":8},"end":{"line":208,"column":null}},"74":{"start":{"line":209,"column":25},"end":{"line":209,"column":89}},"75":{"start":{"line":210,"column":8},"end":{"line":210,"column":58}},"76":{"start":{"line":220,"column":8},"end":{"line":220,"column":null}},"77":{"start":{"line":221,"column":30},"end":{"line":221,"column":103}},"78":{"start":{"line":222,"column":8},"end":{"line":222,"column":29}},"79":{"start":{"line":234,"column":8},"end":{"line":234,"column":null}},"80":{"start":{"line":235,"column":8},"end":{"line":236,"column":77}},"81":{"start":{"line":237,"column":21},"end":{"line":237,"column":98}},"82":{"start":{"line":238,"column":8},"end":{"line":238,"column":20}},"83":{"start":{"line":246,"column":8},"end":{"line":246,"column":null}},"84":{"start":{"line":247,"column":8},"end":{"line":248,"column":77}},"85":{"start":{"line":249,"column":31},"end":{"line":249,"column":104}},"86":{"start":{"line":250,"column":8},"end":{"line":250,"column":30}},"87":{"start":{"line":186,"column":4},"end":{"line":190,"column":null}},"88":{"start":{"line":194,"column":4},"end":{"line":201,"column":null}},"89":{"start":{"line":204,"column":4},"end":{"line":211,"column":null}},"90":{"start":{"line":217,"column":4},"end":{"line":223,"column":null}},"91":{"start":{"line":230,"column":4},"end":{"line":239,"column":null}},"92":{"start":{"line":243,"column":4},"end":{"line":251,"column":null}},"93":{"start":{"line":181,"column":13},"end":{"line":252,"column":null}},"94":{"start":{"line":181,"column":13},"end":{"line":181,"column":30}}},"fnMap":{"0":{"name":"(anonymous_4)","decl":{"start":{"line":25,"column":4},"end":{"line":25,"column":24}},"loc":{"start":{"line":25,"column":50},"end":{"line":25,"column":54}}},"1":{"name":"(anonymous_5)","decl":{"start":{"line":28,"column":4},"end":{"line":28,"column":9}},"loc":{"start":{"line":28,"column":19},"end":{"line":32,"column":5}}},"2":{"name":"(anonymous_6)","decl":{"start":{"line":35,"column":4},"end":{"line":35,"column":9}},"loc":{"start":{"line":37,"column":28},"end":{"line":41,"column":5}}},"3":{"name":"(anonymous_7)","decl":{"start":{"line":44,"column":4},"end":{"line":44,"column":9}},"loc":{"start":{"line":46,"column":28},"end":{"line":51,"column":5}}},"4":{"name":"(anonymous_8)","decl":{"start":{"line":58,"column":4},"end":{"line":58,"column":9}},"loc":{"start":{"line":60,"column":44},"end":{"line":64,"column":5}}},"5":{"name":"(anonymous_9)","decl":{"start":{"line":71,"column":4},"end":{"line":71,"column":9}},"loc":{"start":{"line":74,"column":44},"end":{"line":80,"column":5}}},"6":{"name":"(anonymous_10)","decl":{"start":{"line":84,"column":4},"end":{"line":84,"column":9}},"loc":{"start":{"line":86,"column":44},"end":{"line":91,"column":5}}},"7":{"name":"(anonymous_11)","decl":{"start":{"line":97,"column":4},"end":{"line":97,"column":24}},"loc":{"start":{"line":97,"column":50},"end":{"line":97,"column":54}}},"8":{"name":"(anonymous_12)","decl":{"start":{"line":100,"column":4},"end":{"line":100,"column":9}},"loc":{"start":{"line":100,"column":19},"end":{"line":104,"column":5}}},"9":{"name":"(anonymous_13)","decl":{"start":{"line":107,"column":4},"end":{"line":107,"column":9}},"loc":{"start":{"line":109,"column":28},"end":{"line":113,"column":5}}},"10":{"name":"(anonymous_14)","decl":{"start":{"line":119,"column":4},"end":{"line":119,"column":9}},"loc":{"start":{"line":122,"column":28},"end":{"line":126,"column":5}}},"11":{"name":"(anonymous_15)","decl":{"start":{"line":142,"column":4},"end":{"line":142,"column":9}},"loc":{"start":{"line":144,"column":46},"end":{"line":148,"column":5}}},"12":{"name":"(anonymous_16)","decl":{"start":{"line":155,"column":4},"end":{"line":155,"column":9}},"loc":{"start":{"line":158,"column":46},"end":{"line":164,"column":5}}},"13":{"name":"(anonymous_17)","decl":{"start":{"line":168,"column":4},"end":{"line":168,"column":9}},"loc":{"start":{"line":170,"column":44},"end":{"line":176,"column":5}}},"14":{"name":"(anonymous_18)","decl":{"start":{"line":183,"column":4},"end":{"line":183,"column":24}},"loc":{"start":{"line":183,"column":65},"end":{"line":183,"column":69}}},"15":{"name":"(anonymous_19)","decl":{"start":{"line":186,"column":4},"end":{"line":186,"column":9}},"loc":{"start":{"line":186,"column":19},"end":{"line":190,"column":5}}},"16":{"name":"(anonymous_20)","decl":{"start":{"line":194,"column":4},"end":{"line":194,"column":9}},"loc":{"start":{"line":196,"column":28},"end":{"line":201,"column":5}}},"17":{"name":"(anonymous_21)","decl":{"start":{"line":204,"column":4},"end":{"line":204,"column":9}},"loc":{"start":{"line":207,"column":28},"end":{"line":211,"column":5}}},"18":{"name":"(anonymous_22)","decl":{"start":{"line":217,"column":4},"end":{"line":217,"column":9}},"loc":{"start":{"line":219,"column":62},"end":{"line":223,"column":5}}},"19":{"name":"(anonymous_23)","decl":{"start":{"line":230,"column":4},"end":{"line":230,"column":9}},"loc":{"start":{"line":233,"column":62},"end":{"line":239,"column":5}}},"20":{"name":"(anonymous_24)","decl":{"start":{"line":243,"column":4},"end":{"line":243,"column":9}},"loc":{"start":{"line":245,"column":44},"end":{"line":251,"column":5}}}},"branchMap":{},"s":{"0":0,"1":0,"2":0,"3":0,"4":0,"5":0,"6":0,"7":0,"8":0,"9":0,"10":0,"11":0,"12":0,"13":0,"14":0,"15":0,"16":0,"17":0,"18":0,"19":0,"20":0,"21":0,"22":0,"23":0,"24":0,"25":0,"26":0,"27":0,"28":0,"29":0,"30":0,"31":0,"32":0,"33":0,"34":0,"35":0,"36":0,"37":0,"38":0,"39":0,"40":0,"41":0,"42":0,"43":0,"44":0,"45":0,"46":0,"47":0,"48":0,"49":0,"50":0,"51":0,"52":0,"53":0,"54":0,"55":0,"56":0,"57":0,"58":0,"59":0,"60":0,"61":0,"62":0,"63":0,"64":0,"65":0,"66":0,"67":0,"68":0,"69":0,"70":0,"71":0,"72":0,"73":0,"74":0,"75":0,"76":0,"77":0,"78":0,"79":0,"80":0,"81":0,"82":0,"83":0,"84":0,"85":0,"86":0,"87":0,"88":0,"89":0,"90":0,"91":0,"92":0,"93":0,"94":0},"f":{"0":0,"1":0,"2":0,"3":0,"4":0,"5":0,"6":0,"7":0,"8":0,"9":0,"10":0,"11":0,"12":0,"13":0,"14":0,"15":0,"16":0,"17":0,"18":0,"19":0,"20":0},"b":{}}
,"/home/ishamir99/geshem/geshem-backend/src/modules/plots/plots.module.ts": {"path":"/home/ishamir99/geshem/geshem-backend/src/modules/plots/plots.module.ts","statementMap":{"0":{"start":{"line":1,"column":0},"end":{"line":1,"column":52}},"1":{"start":{"line":2,"column":0},"end":{"line":2,"column":47}},"2":{"start":{"line":3,"column":0},"end":{"line":3,"column":48}},"3":{"start":{"line":4,"column":0},"end":{"line":4,"column":48}},"4":{"start":{"line":5,"column":0},"end":{"line":5,"column":65}},"5":{"start":{"line":6,"column":0},"end":{"line":6,"column":56}},"6":{"start":{"line":7,"column":0},"end":{"line":7,"column":56}},"7":{"start":{"line":8,"column":0},"end":{"line":8,"column":73}},"8":{"start":{"line":9,"column":0},"end":{"line":9,"column":88}},"9":{"start":{"line":10,"column":0},"end":{"line":10,"column":69}},"10":{"start":{"line":11,"column":0},"end":{"line":11,"column":59}},"11":{"start":{"line":22,"column":2},"end":{"line":22,"column":null}},"12":{"start":{"line":22,"column":15},"end":{"line":22,"column":null}},"13":{"start":{"line":15,"column":30},"end":{"line":15,"column":44}},"14":{"start":{"line":22,"column":15},"end":{"line":22,"column":26}}},"fnMap":{"0":{"name":"(anonymous_1)","decl":{"start":{"line":15,"column":25},"end":{"line":15,"column":28}},"loc":{"start":{"line":15,"column":30},"end":{"line":15,"column":44}}}},"branchMap":{},"s":{"0":0,"1":0,"2":0,"3":0,"4":0,"5":0,"6":0,"7":0,"8":0,"9":0,"10":0,"11":0,"12":0,"13":0,"14":0},"f":{"0":0},"b":{}}
,"/home/ishamir99/geshem/geshem-backend/src/modules/plots/dto/gplot.dto.ts": {"path":"/home/ishamir99/geshem/geshem-backend/src/modules/plots/dto/gplot.dto.ts","statementMap":{"0":{"start":{"line":1,"column":0},"end":{"line":1,"column":59}},"1":{"start":{"line":8,"column":4},"end":{"line":8,"column":null}},"2":{"start":{"line":3,"column":0},"end":{"line":3,"column":13}},"3":{"start":{"line":11,"column":0},"end":{"line":11,"column":13}}},"fnMap":{},"branchMap":{},"s":{"0":0,"1":0,"2":0,"3":0},"f":{},"b":{}}
,"/home/ishamir99/geshem/geshem-backend/src/modules/plots/dto/growing_season.dto.ts": {"path":"/home/ishamir99/geshem/geshem-backend/src/modules/plots/dto/growing_season.dto.ts","statementMap":{"0":{"start":{"line":1,"column":0},"end":{"line":1,"column":69}},"1":{"start":{"line":8,"column":4},"end":{"line":8,"column":null}},"2":{"start":{"line":11,"column":4},"end":{"line":11,"column":null}},"3":{"start":{"line":14,"column":4},"end":{"line":14,"column":null}},"4":{"start":{"line":3,"column":0},"end":{"line":3,"column":13}},"5":{"start":{"line":17,"column":0},"end":{"line":17,"column":13}}},"fnMap":{},"branchMap":{},"s":{"0":0,"1":0,"2":0,"3":0,"4":0,"5":0},"f":{},"b":{}}
,"/home/ishamir99/geshem/geshem-backend/src/modules/plots/dto/plots.dto.ts": {"path":"/home/ishamir99/geshem/geshem-backend/src/modules/plots/dto/plots.dto.ts","statementMap":{"0":{"start":{"line":4,"column":0},"end":{"line":4,"column":64}},"1":{"start":{"line":5,"column":0},"end":{"line":5,"column":59}},"2":{"start":{"line":15,"column":4},"end":{"line":15,"column":null}},"3":{"start":{"line":19,"column":4},"end":{"line":19,"column":null}},"4":{"start":{"line":23,"column":4},"end":{"line":23,"column":null}},"5":{"start":{"line":26,"column":4},"end":{"line":26,"column":null}},"6":{"start":{"line":29,"column":4},"end":{"line":29,"column":null}},"7":{"start":{"line":7,"column":0},"end":{"line":7,"column":13}},"8":{"start":{"line":32,"column":0},"end":{"line":32,"column":13}}},"fnMap":{},"branchMap":{},"s":{"0":0,"1":0,"2":0,"3":0,"4":0,"5":0,"6":0,"7":0,"8":0},"f":{},"b":{}}
,"/home/ishamir99/geshem/geshem-backend/src/modules/plots/entities/gplot.entity.ts": {"path":"/home/ishamir99/geshem/geshem-backend/src/modules/plots/entities/gplot.entity.ts","statementMap":{"0":{"start":{"line":1,"column":0},"end":{"line":1,"column":100}},"1":{"start":{"line":2,"column":0},"end":{"line":2,"column":70}},"2":{"start":{"line":3,"column":0},"end":{"line":3,"column":86}},"3":{"start":{"line":6,"column":0},"end":{"line":20,"column":null}},"4":{"start":{"line":8,"column":2},"end":{"line":8,"column":null}},"5":{"start":{"line":12,"column":1},"end":{"line":12,"column":null}},"6":{"start":{"line":16,"column":1},"end":{"line":16,"column":null}},"7":{"start":{"line":14,"column":20},"end":{"line":14,"column":27}},"8":{"start":{"line":14,"column":40},"end":{"line":14,"column":53}},"9":{"start":{"line":19,"column":2},"end":{"line":19,"column":null}},"10":{"start":{"line":6,"column":13},"end":{"line":20,"column":null}},"11":{"start":{"line":6,"column":13},"end":{"line":6,"column":18}}},"fnMap":{"0":{"name":"(anonymous_2)","decl":{"start":{"line":14,"column":12},"end":{"line":14,"column":16}},"loc":{"start":{"line":14,"column":20},"end":{"line":14,"column":27}}},"1":{"name":"(anonymous_3)","decl":{"start":{"line":14,"column":29},"end":{"line":14,"column":38}},"loc":{"start":{"line":14,"column":40},"end":{"line":14,"column":53}}}},"branchMap":{},"s":{"0":0,"1":0,"2":0,"3":0,"4":0,"5":0,"6":0,"7":0,"8":0,"9":0,"10":0,"11":0},"f":{"0":0,"1":0},"b":{}}
,"/home/ishamir99/geshem/geshem-backend/src/modules/plots/entities/growing_season.entity.ts": {"path":"/home/ishamir99/geshem/geshem-backend/src/modules/plots/entities/growing_season.entity.ts","statementMap":{"0":{"start":{"line":1,"column":0},"end":{"line":1,"column":122}},"1":{"start":{"line":2,"column":0},"end":{"line":2,"column":70}},"2":{"start":{"line":3,"column":0},"end":{"line":3,"column":86}},"3":{"start":{"line":6,"column":0},"end":{"line":25,"column":null}},"4":{"start":{"line":15,"column":2},"end":{"line":15,"column":null}},"5":{"start":{"line":13,"column":21},"end":{"line":13,"column":28}},"6":{"start":{"line":13,"column":41},"end":{"line":13,"column":54}},"7":{"start":{"line":18,"column":2},"end":{"line":18,"column":null}},"8":{"start":{"line":21,"column":2},"end":{"line":21,"column":null}},"9":{"start":{"line":24,"column":2},"end":{"line":24,"column":null}},"10":{"start":{"line":6,"column":13},"end":{"line":25,"column":null}},"11":{"start":{"line":6,"column":13},"end":{"line":6,"column":26}}},"fnMap":{"0":{"name":"(anonymous_2)","decl":{"start":{"line":13,"column":13},"end":{"line":13,"column":17}},"loc":{"start":{"line":13,"column":21},"end":{"line":13,"column":28}}},"1":{"name":"(anonymous_3)","decl":{"start":{"line":13,"column":30},"end":{"line":13,"column":39}},"loc":{"start":{"line":13,"column":41},"end":{"line":13,"column":54}}}},"branchMap":{},"s":{"0":1,"1":1,"2":1,"3":1,"4":1,"5":0,"6":0,"7":1,"8":1,"9":1,"10":1,"11":1},"f":{"0":0,"1":0},"b":{}}
[...]
column":4},"end":{"line":81,"column":75}},"22":{"start":{"line":28,"column":2},"end":{"line":34,"column":null}},"23":{"start":{"line":41,"column":4},"end":{"line":51,"column":null}},"24":{"start":{"line":55,"column":2},"end":{"line":62,"column":null}},"25":{"start":{"line":65,"column":2},"end":{"line":68,"column":null}},"26":{"start":{"line":71,"column":2},"end":{"line":75,"column":null}},"27":{"start":{"line":78,"column":2},"end":{"line":82,"column":null}},"28":{"start":{"line":20,"column":13},"end":{"line":83,"column":null}},"29":{"start":{"line":20,"column":13},"end":{"line":20,"column":30}},"30":{"start":{"line":87,"column":0},"end":{"line":132,"column":null}},"31":{"start":{"line":88,"column":31},"end":{"line":88,"column":52}},"32":{"start":{"line":96,"column":4},"end":{"line":96,"column":70}},"33":{"start":{"line":107,"column":8},"end":{"line":108,"column":53}},"34":{"start":{"line":109,"column":6},"end":{"line":109,"column":76}},"35":{"start":{"line":116,"column":6},"end":{"line":117,"column":75}},"36":{"start":{"line":118,"column":22},"end":{"line":118,"column":63}},"37":{"start":{"line":119,"column":6},"end":{"line":119,"column":21}},"38":{"start":{"line":124,"column":4},"end":{"line":124,"column":45}},"39":{"start":{"line":130,"column":4},"end":{"line":130,"column":56}},"40":{"start":{"line":94,"column":2},"end":{"line":97,"column":null}},"41":{"start":{"line":104,"column":4},"end":{"line":110,"column":null}},"42":{"start":{"line":114,"column":2},"end":{"line":120,"column":null}},"43":{"start":{"line":123,"column":2},"end":{"line":125,"column":null}},"44":{"start":{"line":128,"column":2},"end":{"line":131,"column":null}},"45":{"start":{"line":87,"column":13},"end":{"line":132,"column":null}},"46":{"start":{"line":87,"column":13},"end":{"line":87,"column":35}}},"fnMap":{"0":{"name":"(anonymous_4)","decl":{"start":{"line":21,"column":2},"end":{"line":21,"column":31}},"loc":{"start":{"line":22,"column":70},"end":{"line":22,"column":74}}},"1":{"name":"(anonymous_5)","decl":{"start":{"line":28,"column":2},"end":{"line":28,"column":7}},"loc":{"start":{"line":30,"column":44},"end":{"line":34,"column":3}}},"2":{"name":"(anonymous_6)","decl":{"start":{"line":41,"column":4},"end":{"line":41,"column":9}},"loc":{"start":{"line":44,"column":46},"end":{"line":51,"column":3}}},"3":{"name":"(anonymous_7)","decl":{"start":{"line":55,"column":2},"end":{"line":55,"column":7}},"loc":{"start":{"line":57,"column":40},"end":{"line":62,"column":3}}},"4":{"name":"(anonymous_8)","decl":{"start":{"line":65,"column":2},"end":{"line":65,"column":7}},"loc":{"start":{"line":66,"column":39},"end":{"line":68,"column":3}}},"5":{"name":"(anonymous_9)","decl":{"start":{"line":71,"column":2},"end":{"line":71,"column":7}},"loc":{"start":{"line":73,"column":39},"end":{"line":75,"column":3}}},"6":{"name":"(anonymous_10)","decl":{"start":{"line":78,"column":2},"end":{"line":78,"column":7}},"loc":{"start":{"line":80,"column":39},"end":{"line":82,"column":3}}},"7":{"name":"(anonymous_11)","decl":{"start":{"line":88,"column":2},"end":{"line":88,"column":31}},"loc":{"start":{"line":88,"column":70},"end":{"line":88,"column":74}}},"8":{"name":"(anonymous_12)","decl":{"start":{"line":94,"column":2},"end":{"line":94,"column":7}},"loc":{"start":{"line":95,"column":52},"end":{"line":97,"column":3}}},"9":{"name":"(anonymous_13)","decl":{"start":{"line":104,"column":4},"end":{"line":104,"column":9}},"loc":{"start":{"line":106,"column":54},"end":{"line":110,"column":3}}},"10":{"name":"(anonymous_14)","decl":{"start":{"line":114,"column":2},"end":{"line":114,"column":7}},"loc":{"start":{"line":115,"column":27},"end":{"line":120,"column":3}}},"11":{"name":"(anonymous_15)","decl":{"start":{"line":123,"column":2},"end":{"line":123,"column":7}},"loc":{"start":{"line":123,"column":25},"end":{"line":125,"column":3}}},"12":{"name":"(anonymous_16)","decl":{"start":{"line":128,"column":2},"end":{"line":128,"column":7}},"loc":{"start":{"line":129,"column":27},"end":{"line":131,"column":3}}}},"branchMap":{},"s":{"0":0,"1":0,"2":0,"3":0,"4":0,"5":0,"6":0,"7":0,"8":0,"9":0,"10":0,"11":0,"12":0,"13":0,"14":0,"15":0,"16":0,"17":0,"18":0,"19":0,"20":0,"21":0,"22":0,"23":0,"24":0,"25":0,"26":0,"27":0,"28":0,"29":0,"30":0,"31":0,"32":0,"33":0,"34":0,"35":0,"36":0,"37":0,"38":0,"39":0,"40":0,"41":0,"42":0,"43":0,"44":0,"45":0,"46":0},"f":{"0":0,"1":0,"2":0,"3":0,"4":0,"5":0,"6":0,"7":0,"8":0,"9":0,"10":0,"11":0,"12":0},"b":{}}
,"/home/ishamir99/geshem/geshem-backend/src/modules/workers/workers.module.ts": {"path":"/home/ishamir99/geshem/geshem-backend/src/modules/workers/workers.module.ts","statementMap":{"0":{"start":{"line":1,"column":0},"end":{"line":1,"column":40}},"1":{"start":{"line":2,"column":0},"end":{"line":2,"column":47}},"2":{"start":{"line":3,"column":0},"end":{"line":3,"column":51}},"3":{"start":{"line":4,"column":0},"end":{"line":4,"column":59}},"4":{"start":{"line":5,"column":0},"end":{"line":5,"column":68}},"5":{"start":{"line":6,"column":0},"end":{"line":6,"column":60}},"6":{"start":{"line":7,"column":0},"end":{"line":7,"column":81}},"7":{"start":{"line":16,"column":0},"end":{"line":16,"column":null}},"8":{"start":{"line":16,"column":13},"end":{"line":16,"column":null}},"9":{"start":{"line":16,"column":13},"end":{"line":16,"column":26}}},"fnMap":{},"branchMap":{},"s":{"0":0,"1":0,"2":0,"3":0,"4":0,"5":0,"6":0,"7":0,"8":0,"9":0},"f":{},"b":{}}
,"/home/ishamir99/geshem/geshem-backend/src/modules/workers/dto/tools.dto.ts": {"path":"/home/ishamir99/geshem/geshem-backend/src/modules/workers/dto/tools.dto.ts","statementMap":{"0":{"start":{"line":1,"column":0},"end":{"line":1,"column":51}},"1":{"start":{"line":2,"column":0},"end":{"line":2,"column":46}},"2":{"start":{"line":6,"column":4},"end":{"line":6,"column":null}},"3":{"start":{"line":9,"column":4},"end":{"line":9,"column":null}},"4":{"start":{"line":12,"column":4},"end":{"line":12,"column":null}},"5":{"start":{"line":4,"column":0},"end":{"line":4,"column":13}},"6":{"start":{"line":15,"column":0},"end":{"line":15,"column":13}}},"fnMap":{},"branchMap":{},"s":{"0":0,"1":0,"2":0,"3":0,"4":0,"5":0,"6":0},"f":{},"b":{}}
,"/home/ishamir99/geshem/geshem-backend/src/modules/workers/dto/type.dto.ts": {"path":"/home/ishamir99/geshem/geshem-backend/src/modules/workers/dto/type.dto.ts","statementMap":{"0":{"start":{"line":1,"column":0},"end":{"line":1,"column":51}},"1":{"start":{"line":2,"column":0},"end":{"line":2,"column":46}},"2":{"start":{"line":6,"column":4},"end":{"line":6,"column":null}},"3":{"start":{"line":4,"column":0},"end":{"line":4,"column":13}},"4":{"start":{"line":9,"column":0},"end":{"line":9,"column":13}}},"fnMap":{},"branchMap":{},"s":{"0":0,"1":0,"2":0,"3":0,"4":0},"f":{},"b":{}}
,"/home/ishamir99/geshem/geshem-backend/src/modules/workers/dto/worker.type.dto.ts": {"path":"/home/ishamir99/geshem/geshem-backend/src/modules/workers/dto/worker.type.dto.ts","statementMap":{"0":{"start":{"line":1,"column":0},"end":{"line":1,"column":51}},"1":{"start":{"line":2,"column":0},"end":{"line":2,"column":46}},"2":{"start":{"line":6,"column":4},"end":{"line":6,"column":null}},"3":{"start":{"line":9,"column":4},"end":{"line":9,"column":null}},"4":{"start":{"line":4,"column":0},"end":{"line":4,"column":13}},"5":{"start":{"line":12,"column":0},"end":{"line":12,"column":13}}},"fnMap":{},"branchMap":{},"s":{"0":0,"1":0,"2":0,"3":0,"4":0,"5":0},"f":{},"b":{}}
,"/home/ishamir99/geshem/geshem-backend/src/modules/workers/dto/workers.dto.ts": {"path":"/home/ishamir99/geshem/geshem-backend/src/modules/workers/dto/workers.dto.ts","statementMap":{"0":{"start":{"line":1,"column":0},"end":{"line":1,"column":51}},"1":{"start":{"line":2,"column":0},"end":{"line":2,"column":46}},"2":{"start":{"line":6,"column":4},"end":{"line":6,"column":null}},"3":{"start":{"line":9,"column":4},"end":{"line":9,"column":null}},"4":{"start":{"line":4,"column":0},"end":{"line":4,"column":13}},"5":{"start":{"line":12,"column":0},"end":{"line":12,"column":13}}},"fnMap":{},"branchMap":{},"s":{"0":0,"1":0,"2":0,"3":0,"4":0,"5":0},"f":{},"b":{}}
,"/home/ishamir99/geshem/geshem-backend/src/modules/workers/entities/workerTypes.entity.ts": {"path":"/home/ishamir99/geshem/geshem-backend/src/modules/workers/entities/workerTypes.entity.ts","statementMap":{"0":{"start":{"line":1,"column":0},"end":{"line":1,"column":89}},"1":{"start":{"line":2,"column":1},"end":{"line":2,"column":43}},"2":{"start":{"line":5,"column":0},"end":{"line":21,"column":null}},"3":{"start":{"line":7,"column":4},"end":{"line":7,"column":null}},"4":{"start":{"line":10,"column":4},"end":{"line":10,"column":null}},"5":{"start":{"line":20,"column":4},"end":{"line":20,"column":null}},"6":{"start":{"line":12,"column":22},"end":{"line":12,"column":28}},"7":{"start":{"line":13,"column":29},"end":{"line":13,"column":41}},"8":{"start":{"line":5,"column":13},"end":{"line":21,"column":null}},"9":{"start":{"line":5,"column":13},"end":{"line":5,"column":23}}},"fnMap":{"0":{"name":"(anonymous_2)","decl":{"start":{"line":12,"column":16},"end":{"line":12,"column":19}},"loc":{"start":{"line":12,"column":22},"end":{"line":12,"column":28}}},"1":{"name":"(anonymous_3)","decl":{"start":{"line":13,"column":17},"end":{"line":13,"column":18}},"loc":{"start":{"line":13,"column":29},"end":{"line":13,"column":41}}}},"branchMap":{},"s":{"0":0,"1":0,"2":0,"3":0,"4":0,"5":0,"6":0,"7":0,"8":0,"9":0},"f":{"0":0,"1":0},"b":{}}
,"/home/ishamir99/geshem/geshem-backend/src/modules/workers/entities/workers.entity.ts": {"path":"/home/ishamir99/geshem/geshem-backend/src/modules/workers/entities/workers.entity.ts","statementMap":{"0":{"start":{"line":1,"column":0},"end":{"line":1,"column":89}},"1":{"start":{"line":2,"column":0},"end":{"line":2,"column":50}},"2":{"start":{"line":5,"column":0},"end":{"line":23,"column":null}},"3":{"start":{"line":7,"column":4},"end":{"line":7,"column":null}},"4":{"start":{"line":10,"column":4},"end":{"line":10,"column":null}},"5":{"start":{"line":13,"column":4},"end":{"line":13,"column":null}},"6":{"start":{"line":22,"column":4},"end":{"line":22,"column":null}},"7":{"start":{"line":16,"column":22},"end":{"line":16,"column":32}},"8":{"start":{"line":17,"column":25},"end":{"line":17,"column":37}},"9":{"start":{"line":5,"column":13},"end":{"line":23,"column":null}},"10":{"start":{"line":5,"column":13},"end":{"line":5,"column":19}}},"fnMap":{"0":{"name":"(anonymous_2)","decl":{"start":{"line":16,"column":16},"end":{"line":16,"column":19}},"loc":{"start":{"line":16,"column":22},"end":{"line":16,"column":32}}},"1":{"name":"(anonymous_3)","decl":{"start":{"line":17,"column":16},"end":{"line":17,"column":17}},"loc":{"start":{"line":17,"column":25},"end":{"line":17,"column":37}}}},"branchMap":{},"s":{"0":0,"1":0,"2":0,"3":0,"4":0,"5":0,"6":0,"7":0,"8":0,"9":0,"10":0},"f":{"0":0,"1":0},"b":{}}
,"/home/ishamir99/geshem/geshem-backend/src/modules/workers/services/types.service.ts": {"path":"/home/ishamir99/geshem/geshem-backend/src/modules/workers/services/types.service.ts","statementMap":{"0":{"start":{"line":1,"column":0},"end":{"line":1,"column":44}},"1":{"start":{"line":3,"column":0},"end":{"line":3,"column":51}},"2":{"start":{"line":4,"column":0},"end":{"line":4,"column":37}},"3":{"start":{"line":5,"column":0},"end":{"line":5,"column":60}},"4":{"start":{"line":8,"column":0},"end":{"line":32,"column":null}},"5":{"start":{"line":11,"column":12},"end":{"line":11,"column":29}},"6":{"start":{"line":15,"column":15},"end":{"line":15,"column":31}},"7":{"start":{"line":16,"column":4},"end":{"line":16,"column":35}},"8":{"start":{"line":17,"column":4},"end":{"line":17,"column":42}},"9":{"start":{"line":18,"column":4},"end":{"line":18,"column":19}},"10":{"start":{"line":22,"column":4},"end":{"line":22,"column":39}},"11":{"start":{"line":26,"column":4},"end":{"line":27,"column":48}},"12":{"start":{"line":27,"column":6},"end":{"line":27,"column":48}},"13":{"start":{"line":28,"column":4},"end":{"line":30,"column":7}},"14":{"start":{"line":8,"column":13},"end":{"line":32,"column":null}},"15":{"start":{"line":8,"column":13},"end":{"line":8,"column":25}}},"fnMap":{"0":{"name":"(anonymous_4)","decl":{"start":{"line":9,"column":2},"end":{"line":9,"column":null}},"loc":{"start":{"line":11,"column":51},"end":{"line":12,"column":5}}},"1":{"name":"(anonymous_5)","decl":{"start":{"line":14,"column":2},"end":{"line":14,"column":7}},"loc":{"start":{"line":14,"column":43},"end":{"line":19,"column":3}}},"2":{"name":"(anonymous_6)","decl":{"start":{"line":21,"column":2},"end":{"line":21,"column":8}},"loc":{"start":{"line":21,"column":8},"end":{"line":23,"column":3}}},"3":{"name":"(anonymous_7)","decl":{"start":{"line":25,"column":2},"end":{"line":25,"column":13}},"loc":{"start":{"line":25,"column":24},"end":{"line":31,"column":3}}}},"branchMap":{"0":{"loc":{"start":{"line":26,"column":4},"end":{"line":27,"column":48}},"type":"if","locations":[{"start":{"line":26,"column":4},"end":{"line":27,"column":48}}]}},"s":{"0":0,"1":0,"2":0,"3":0,"4":0,"5":0,"6":0,"7":0,"8":0,"9":0,"10":0,"11":0,"12":0,"13":0,"14":0,"15":0},"f":{"0":0,"1":0,"2":0,"3":0},"b":{"0":[0]}}
,"/home/ishamir99/geshem/geshem-backend/src/modules/workers/services/workerTypes.service.ts": {"path":"/home/ishamir99/geshem/geshem-backend/src/modules/workers/services/workerTypes.service.ts","statementMap":{"0":{"start":{"line":1,"column":0},"end":{"line":1,"column":44}},"1":{"start":{"line":3,"column":0},"end":{"line":3,"column":51}},"2":{"start":{"line":4,"column":0},"end":{"line":4,"column":41}},"3":{"start":{"line":5,"column":0},"end":{"line":5,"column":60}},"4":{"start":{"line":8,"column":0},"end":{"line":48,"column":2}},"5":{"start":{"line":11,"column":12},"end":{"line":11,"column":24}},"6":{"start":{"line":15,"column":15},"end":{"line":15,"column":31}},"7":{"start":{"line":16,"column":4},"end":{"line":16,"column":41}},"8":{"start":{"line":17,"column":4},"end":{"line":17,"column":37}},"9":{"start":{"line":18,"column":4},"end":{"line":18,"column":19}},"10":{"start":{"line":24,"column":2},"end":{"line":24,"column":85}},"11":{"start":{"line":25,"column":4},"end":{"line":25,"column":14}},"12":{"start":{"line":31,"column":4},"end":{"line":31,"column":87}},"13":{"start":{"line":32,"column":4},"end":{"line":32,"column":null}},"14":{"start":{"line":36,"column":2},"end":{"line":36,"column":32}},"15":{"start":{"line":41,"column":4},"end":{"line":45,"column":null}},"16":{"start":{"line":42,"column":6},"end":{"line":44,"column":17}},"17":{"start":{"line":46,"column":4},"end":{"line":46,"column":30}},"18":{"start":{"line":8,"column":13},"end":{"line":48,"column":2}},"19":{"start":{"line":8,"column":13},"end":{"line":8,"column":31}}},"fnMap":{"0":{"name":"(anonymous_4)","decl":{"start":{"line":9,"column":2},"end":{"line":9,"column":null}},"loc":{"start":{"line":11,"column":46},"end":{"line":12,"column":5}}},"1":{"name":"(anonymous_5)","decl":{"start":{"line":14,"column":2},"end":{"line":14,"column":7}},"loc":{"start":{"line":14,"column":55},"end":{"line":19,"column":3}}},"2":{"name":"(anonymous_6)","decl":{"start":{"line":21,"column":0},"end":{"line":21,"column":5}},"loc":{"start":{"line":23,"column":42},"end":{"line":26,"column":1}}},"3":{"name":"(anonymous_7)","decl":{"start":{"line":28,"column":0},"end":{"line":28,"column":5}},"loc":{"start":{"line":29,"column":12},"end":{"line":33,"column":1}}},"4":{"name":"(anonymous_8)","decl":{"start":{"line":35,"column":0},"end":{"line":35,"column":5}},"loc":{"start":{"line":35,"column":12},"end":{"line":37,"column":1}}},"5":{"name":"(anonymous_9)","decl":{"start":{"line":40,"column":0},"end":{"line":40,"column":5}},"loc":{"start":{"line":40,"column":33},"end":{"line":47,"column":3}}}},"branchMap":{"0":{"loc":{"start":{"line":41,"column":4},"end":{"line":45,"column":null}},"type":"if","locations":[{"start":{"line":41,"column":4},"end":{"line":45,"column":null}}]}},"s":{"0":0,"1":0,"2":0,"3":0,"4":0,"5":0,"6":0,"7":0,"8":0,"9":0,"10":0,"11":0,"12":0,"13":0,"14":0,"15":0,"16":0,"17":0,"18":0,"19":0},"f":{"0":0,"1":0,"2":0,"3":0,"4":0,"5":0},"b":{"0":[0]}}
,"/home/ishamir99/geshem/geshem-backend/src/modules/workers/services/workers.service.ts": {"path":"/home/ishamir99/geshem/geshem-backend/src/modules/workers/services/workers.service.ts","statementMap":{"0":{"start":{"line":1,"column":0},"end":{"line":1,"column":44}},"1":{"start":{"line":3,"column":0},"end":{"line":3,"column":51}},"2":{"start":{"line":4,"column":0},"end":{"line":4,"column":41}},"3":{"start":{"line":5,"column":0},"end":{"line":5,"column":52}},"4":{"start":{"line":9,"column":0},"end":{"line":142,"column":null}},"5":{"start":{"line":12,"column":12},"end":{"line":12,"column":24}},"6":{"start":{"line":20,"column":17},"end":{"line":20,"column":29}},"7":{"start":{"line":21,"column":4},"end":{"line":21,"column":39}},"8":{"start":{"line":22,"column":4},"end":{"line":22,"column":33}},"9":{"start":{"line":23,"column":4},"end":{"line":23,"column":48}},"10":{"start":{"line":24,"column":4},"end":{"line":24,"column":39}},"11":{"start":{"line":25,"column":4},"end":{"line":25,"column":21}},"12":{"start":{"line":35,"column":6},"end":{"line":35,"column":105}},"13":{"start":{"line":36,"column":6},"end":{"line":36,"column":null}},"14":{"start":{"line":43,"column":6},"end":{"line":43,"column":107}},"15":{"start":{"line":44,"column":6},"end":{"line":44,"column":null}},"16":{"start":{"line":71,"column":4},"end":{"line":71,"column":75}},"17":{"start":{"line":72,"column":4},"end":{"line":76,"column":7}},"18":{"start":{"line":81,"column":4},"end":{"line":81,"column":94}},"19":{"start":{"line":82,"column":4},"end":{"line":83,"column":50}},"20":{"start":{"line":83,"column":6},"end":{"line":83,"column":50}},"21":{"start":{"line":84,"column":4},"end":{"line":89,"column":7}},"22":{"start":{"line":93,"column":4},"end":{"line":93,"column":101}},"23":{"start":{"line":95,"column":2},"end":{"line":96,"column":46}},"24":{"start":{"line":96,"column":4},"end":{"line":96,"column":46}},"25":{"start":{"line":104,"column":30},"end":{"line":104,"column":58}},"26":{"start":{"line":124,"column":2},"end":{"line":124,"column":null}},"27":{"start":{"line":9,"column":13},"end":{"line":142,"column":null}},"28":{"start":{"line":9,"column":13},"end":{"line":9,"column":27}}},"fnMap":{"0":{"name":"(anonymous_4)","decl":{"start":{"line":10,"column":2},"end":{"line":10,"column":null}},"loc":{"start":{"line":12,"column":42},"end":{"line":13,"column":5}}},"1":{"name":"(anonymous_5)","decl":{"start":{"line":15,"column":2},"end":{"line":15,"column":7}},"loc":{"start":{"line":18,"column":29},"end":{"line":26,"column":3}}},"2":{"name":"(anonymous_6)","decl":{"start":{"line":29,"column":2},"end":{"line":29,"column":7}},"loc":{"start":{"line":33,"column":29},"end":{"line":37,"column":3}}},"3":{"name":"(anonymous_7)","decl":{"start":{"line":39,"column":2},"end":{"line":39,"column":7}},"loc":{"start":{"line":41,"column":21},"end":{"line":45,"column":3}}},"4":{"name":"(anonymous_8)","decl":{"start":{"line":70,"column":2},"end":{"line":70,"column":7}},"loc":{"start":{"line":70,"column":38},"end":{"line":77,"column":3}}},"5":{"name":"(anonymous_9)","decl":{"start":{"line":80,"column":2},"end":{"line":80,"column":7}},"loc":{"start":{"line":80,"column":55},"end":{"line":90,"column":3}}},"6":{"name":"(anonymous_10)","decl":{"start":{"line":92,"column":2},"end":{"line":92,"column":7}},"loc":{"start":{"line":92,"column":61},"end":{"line":128,"column":3}}}},"branchMap":{"0":{"loc":{"start":{"line":82,"column":4},"end":{"line":83,"column":50}},"type":"if","locations":[{"start":{"line":82,"column":4},"end":{"line":83,"column":50}}]},"1":{"loc":{"start":{"line":95,"column":2},"end":{"line":96,"column":46}},"type":"if","locations":[{"start":{"line":95,"column":2},"end":{"line":96,"column":46}}]}},"s":{"0":0,"1":0,"2":0,"3":0,"4":0,"5":0,"6":0,"7":0,"8":0,"9":0,"10":0,"11":0,"12":0,"13":0,"14":0,"15":0,"16":0,"17":0,"18":0,"19":0,"20":0,"21":0,"22":0,"23":0,"24":0,"25":0,"26":0,"27":0,"28":0},"f":{"0":0,"1":0,"2":0,"3":0,"4":0,"5":0,"6":0},"b":{"0":[0],"1":[0]}}
}
