TN:
SF:src/app.module.ts
FNF:0
FNH:0
DA:1,0
DA:2,0
DA:3,0
DA:4,0
DA:5,0
DA:6,0
DA:7,0
DA:8,0
DA:14,0
DA:17,0
DA:87,0
LF:11
LH:0
BRF:0
BRH:0
end_of_record
TN:
SF:src/exception-handler.ts
FN:6,(anonymous_1)
FN:12,(anonymous_2)
FN:18,(anonymous_3)
FNF:3
FNH:0
FNDA:0,(anonymous_1)
FNDA:0,(anonymous_2)
FNDA:0,(anonymous_3)
DA:1,0
DA:4,0
DA:6,0
DA:7,0
DA:12,0
DA:13,0
DA:17,0
DA:19,0
DA:20,0
DA:21,0
DA:22,0
DA:23,0
DA:25,0
LF:13
LH:0
BRDA:7,0,0,0
BRDA:7,0,1,0
BRF:2
BRH:0
end_of_record
TN:
SF:src/main.ts
FN:7,bootstrap
FNF:1
FNH:0
FNDA:0,bootstrap
DA:1,0
DA:2,0
DA:3,0
DA:4,0
DA:5,0
DA:8,0
DA:9,0
DA:10,0
DA:15,0
DA:21,0
DA:22,0
DA:24,0
DA:26,0
LF:13
LH:0
BRF:0
BRH:0
end_of_record
TN:
SF:src/modules/commons/errors.ts
FN:2,(anonymous_0)
FN:9,(anonymous_1)
FN:16,(anonymous_2)
FNF:3
FNH:0
FNDA:0,(anonymous_0)
FNDA:0,(anonymous_1)
FNDA:0,(anonymous_2)
DA:1,1
DA:3,0
DA:4,0
DA:8,1
DA:10,0
DA:11,0
DA:15,1
DA:17,0
DA:18,0
LF:9
LH:3
BRF:0
BRH:0
end_of_record
TN:
SF:src/modules/commons/routes.constants.ts
FNF:0
FNH:0
DA:1,0
DA:2,0
LF:2
LH:0
BRF:0
BRH:0
end_of_record
TN:
SF:src/modules/config/auth.cnfig.service.ts
FN:7,(anonymous_1)
FNF:1
FNH:0
FNDA:0,(anonymous_1)
DA:1,0
DA:2,0
DA:5,0
DA:8,0
LF:4
LH:0
BRF:0
BRH:0
end_of_record
TN:
SF:src/modules/config/auth.config.module.ts
FNF:0
FNH:0
DA:1,0
DA:4,0
DA:10,0
LF:3
LH:0
BRF:0
BRH:0
end_of_record
TN:
SF:src/modules/crops/crop.module.ts
FNF:0
FNH:0
DA:2,0
DA:3,0
DA:4,0
DA:5,0
DA:6,0
DA:7,0
DA:8,0
DA:9,0
DA:10,0
DA:11,0
DA:12,0
DA:13,0
DA:21,0
LF:13
LH:0
BRF:0
BRH:0
end_of_record
TN:
SF:src/modules/crops/controllers/crop.controller.ts
FN:9,(anonymous_4)
FN:16,(anonymous_5)
FN:24,(anonymous_6)
FN:33,(anonymous_7)
FN:40,(anonymous_8)
FN:48,(anonymous_9)
FN:55,(anonymous_10)
FNF:7
FNH:0
FNDA:0,(anonymous_4)
FNDA:0,(anonymous_5)
FNDA:0,(anonymous_6)
FNDA:0,(anonymous_7)
FNDA:0,(anonymous_8)
FNDA:0,(anonymous_9)
FNDA:0,(anonymous_10)
DA:1,0
DA:2,0
DA:3,0
DA:4,0
DA:8,0
DA:10,0
DA:16,0
DA:17,0
DA:24,0
DA:27,0
DA:28,0
DA:29,0
DA:33,0
DA:35,0
DA:36,0
DA:40,0
DA:41,0
DA:48,0
DA:49,0
DA:55,0
DA:56,0
DA:59,0
LF:22
LH:0
BRF:0
BRH:0
end_of_record
TN:
SF:src/modules/crops/controllers/cropStrain.controller.ts
FN:10,(anonymous_4)
FN:17,(anonymous_5)
FN:25,(anonymous_6)
FN:34,(anonymous_7)
FN:42,(anonymous_8)
FN:47,(anonymous_9)
FN:52,(anonymous_10)
FN:58,(anonymous_11)
FNF:8
FNH:0
FNDA:0,(anonymous_4)
FNDA:0,(anonymous_5)
FNDA:0,(anonymous_6)
FNDA:0,(anonymous_7)
FNDA:0,(anonymous_8)
FNDA:0,(anonymous_9)
FNDA:0,(anonymous_10)
FNDA:0,(anonymous_11)
DA:1,0
DA:2,0
DA:3,0
DA:4,0
DA:9,0
DA:11,0
DA:17,0
DA:18,0
DA:25,0
DA:28,0
DA:29,0
DA:30,0
DA:34,0
DA:36,0
DA:37,0
DA:38,0
DA:42,0
DA:43,0
DA:47,0
DA:48,0
DA:52,0
DA:53,0
DA:58,0
DA:59,0
DA:62,0
LF:25
LH:0
BRF:0
BRH:0
end_of_record
TN:
SF:src/modules/crops/controllers/cropType.controller.ts
FN:10,(anonymous_4)
FN:17,(anonymous_5)
FN:22,(anonymous_6)
FN:27,(anonymous_7)
FN:35,(anonymous_8)
FN:44,(anonymous_9)
FN:52,(anonymous_10)
FNF:7
FNH:1
FNDA:1,(anonymous_4)
FNDA:0,(anonymous_5)
FNDA:0,(anonymous_6)
FNDA:0,(anonymous_7)
FNDA:0,(anonymous_8)
FNDA:0,(anonymous_9)
FNDA:0,(anonymous_10)
DA:1,1
DA:3,1
DA:4,1
DA:5,1
DA:9,1
DA:11,1
DA:17,1
DA:18,0
DA:22,1
DA:23,0
DA:27,1
DA:28,0
DA:35,1
DA:38,0
DA:39,0
DA:40,0
DA:44,1
DA:46,0
DA:47,0
DA:48,0
DA:52,1
DA:53,0
DA:56,0
LF:23
LH:12
BRF:0
BRH:0
end_of_record
TN:
SF:src/modules/crops/dto/crop.dto.ts
FNF:0
FNH:0
DA:1,0
DA:3,0
DA:5,0
DA:8,0
DA:11,0
DA:14,0
LF:6
LH:0
BRF:0
BRH:0
end_of_record
TN:
SF:src/modules/crops/dto/cropStrain.dto.ts
FNF:0
FNH:0
DA:1,0
DA:3,0
DA:5,0
DA:8,0
DA:11,0
DA:14,0
LF:6
LH:0
BRF:0
BRH:0
end_of_record
TN:
SF:src/modules/crops/dto/cropType.dto.ts
FNF:0
FNH:0
DA:1,1
DA:3,1
DA:5,1
DA:8,1
LF:4
LH:4
BRF:0
BRH:0
end_of_record
TN:
SF:src/modules/crops/entities/crop.entity.ts
FN:19,(anonymous_2)
FN:19,(anonymous_3)
FN:23,(anonymous_4)
FN:23,(anonymous_5)
FNF:4
FNH:0
FNDA:0,(anonymous_2)
FNDA:0,(anonymous_3)
FNDA:0,(anonymous_4)
FNDA:0,(anonymous_5)
DA:1,1
DA:2,1
DA:3,1
DA:4,1
DA:7,1
DA:9,1
DA:12,1
DA:15,1
DA:18,1
DA:19,0
DA:21,1
DA:23,0
DA:24,1
LF:13
LH:11
BRF:0
BRH:0
end_of_record
TN:
SF:src/modules/crops/entities/cropStrain.entity.ts
FN:20,(anonymous_2)
FN:20,(anonymous_3)
FN:28,(anonymous_4)
FN:28,(anonymous_5)
FN:34,(anonymous_6)
FN:35,(anonymous_7)
FN:52,(anonymous_8)
FN:52,(anonymous_9)
FNF:8
FNH:0
FNDA:0,(anonymous_2)
FNDA:0,(anonymous_3)
FNDA:0,(anonymous_4)
FNDA:0,(anonymous_5)
FNDA:0,(anonymous_6)
FNDA:0,(anonymous_7)
FNDA:0,(anonymous_8)
FNDA:0,(anonymous_9)
DA:1,1
DA:2,1
DA:3,1
DA:4,1
DA:5,1
DA:8,1
DA:10,1
DA:13,1
DA:16,1
DA:19,1
DA:20,0
DA:24,1
DA:27,1
DA:28,0
DA:32,1
DA:34,0
DA:35,0
DA:49,1
DA:52,0
DA:53,1
LF:20
LH:15
BRF:0
BRH:0
end_of_record
TN:
SF:src/modules/crops/entities/cropType.entity.ts
FN:16,(anonymous_2)
FN:16,(anonymous_3)
FN:24,(anonymous_4)
FN:24,(anonymous_5)
FNF:4
FNH:0
FNDA:0,(anonymous_2)
FNDA:0,(anonymous_3)
FNDA:0,(anonymous_4)
FNDA:0,(anonymous_5)
DA:1,1
DA:2,1
DA:3,1
DA:4,1
DA:7,1
DA:9,1
DA:13,1
DA:16,0
DA:21,1
DA:24,0
DA:25,1
LF:11
LH:9
BRF:0
BRH:0
end_of_record
TN:
SF:src/modules/crops/services/crop.service.ts
FN:15,(anonymous_4)
FN:24,(anonymous_5)
FN:34,(anonymous_6)
FN:42,(anonymous_7)
FN:65,(anonymous_8)
FN:71,(anonymous_9)
FN:81,(anonymous_10)
FN:96,(anonymous_11)
FN:107,(anonymous_12)
FN:127,(anonymous_13)
FN:134,(anonymous_14)
FNF:11
FNH:0
FNDA:0,(anonymous_4)
FNDA:0,(anonymous_5)
FNDA:0,(anonymous_6)
FNDA:0,(anonymous_7)
FNDA:0,(anonymous_8)
FNDA:0,(anonymous_9)
FNDA:0,(anonymous_10)
FNDA:0,(anonymous_11)
FNDA:0,(anonymous_12)
FNDA:0,(anonymous_13)
FNDA:0,(anonymous_14)
DA:1,0
DA:2,0
DA:3,0
DA:4,0
DA:6,0
DA:7,0
DA:8,0
DA:14,0
DA:17,0
DA:18,0
DA:20,0
DA:21,0
DA:25,0
DA:26,0
DA:27,0
DA:28,0
DA:29,0
DA:31,0
DA:35,0
DA:36,0
DA:37,0
DA:38,0
DA:39,0
DA:40,0
DA:45,0
DA:47,0
DA:48,0
DA:49,0
DA:51,0
DA:52,0
DA:53,0
DA:55,0
DA:56,0
DA:57,0
DA:59,0
DA:61,0
DA:67,0
DA:68,0
DA:72,0
DA:73,0
DA:75,0
DA:78,0
DA:84,0
DA:85,0
DA:88,0
DA:97,0
DA:98,0
DA:100,0
DA:108,0
DA:112,0
DA:113,0
DA:114,0
DA:116,0
DA:129,0
DA:130,0
DA:132,0
DA:133,0
DA:134,0
DA:136,0
DA:138,0
DA:139,0
DA:140,0
DA:141,0
DA:145,0
LF:64
LH:0
BRDA:26,0,0,0
BRDA:26,0,1,0
BRDA:26,0,2,0
BRDA:51,1,0,0
BRDA:71,2,0,0
BRDA:83,3,0,0
BRDA:97,4,0,0
BRDA:132,5,0,0
BRDA:139,6,0,0
BRF:9
BRH:0
end_of_record
TN:
SF:src/modules/crops/services/cropStrain.service.ts
FN:13,(anonymous_4)
FN:22,(anonymous_5)
FN:38,(anonymous_6)
FN:67,(anonymous_7)
FN:73,(anonymous_8)
FN:77,(anonymous_9)
FN:84,(anonymous_10)
FN:94,(anonymous_11)
FN:103,(anonymous_12)
FN:115,(anonymous_13)
FNF:10
FNH:0
FNDA:0,(anonymous_4)
FNDA:0,(anonymous_5)
FNDA:0,(anonymous_6)
FNDA:0,(anonymous_7)
FNDA:0,(anonymous_8)
FNDA:0,(anonymous_9)
FNDA:0,(anonymous_10)
FNDA:0,(anonymous_11)
FNDA:0,(anonymous_12)
FNDA:0,(anonymous_13)
DA:1,0
DA:2,0
DA:3,0
DA:4,0
DA:6,0
DA:8,0
DA:9,0
DA:12,0
DA:15,0
DA:16,0
DA:18,0
DA:19,0
DA:23,0
DA:24,0
DA:25,0
DA:28,0
DA:29,0
DA:30,0
DA:31,0
DA:34,0
DA:35,0
DA:41,0
DA:43,0
DA:45,0
DA:46,0
DA:48,0
DA:49,0
DA:50,0
DA:51,0
DA:56,0
DA:57,0
DA:58,0
DA:59,0
DA:60,0
DA:62,0
DA:64,0
DA:69,0
DA:70,0
DA:74,0
DA:78,0
DA:85,0
DA:86,0
DA:87,0
DA:95,0
DA:105,0
DA:106,0
DA:107,0
DA:117,0
DA:118,0
DA:120,0
DA:121,0
DA:123,0
DA:125,0
DA:126,0
DA:128,0
LF:55
LH:0
BRDA:29,0,0,0
BRDA:49,1,0,0
BRDA:85,2,0,0
BRDA:105,3,0,0
BRDA:117,4,0,0
BRF:5
BRH:0
end_of_record
TN:
SF:src/modules/crops/services/cropType.service.ts
FN:13,(anonymous_4)
FN:23,(anonymous_5)
FN:30,(anonymous_6)
FN:37,(anonymous_7)
FN:43,(anonymous_8)
FN:47,(anonymous_9)
FN:57,(anonymous_10)
FN:68,(anonymous_11)
FN:75,(anonymous_12)
FNF:9
FNH:0
FNDA:0,(anonymous_4)
FNDA:0,(anonymous_5)
FNDA:0,(anonymous_6)
FNDA:0,(anonymous_7)
FNDA:0,(anonymous_8)
FNDA:0,(anonymous_9)
FNDA:0,(anonymous_10)
FNDA:0,(anonymous_11)
FNDA:0,(anonymous_12)
DA:1,1
DA:2,1
DA:3,1
DA:5,1
DA:6,1
DA:7,1
DA:8,1
DA:12,1
DA:15,0
DA:17,0
DA:19,0
DA:20,0
DA:24,0
DA:25,0
DA:26,0
DA:27,0
DA:33,0
DA:34,0
DA:39,0
DA:40,0
DA:44,0
DA:48,0
DA:49,0
DA:50,0
DA:58,0
DA:63,0
DA:70,0
DA:71,0
DA:73,0
DA:74,0
DA:75,0
DA:77,0
DA:79,0
DA:80,0
DA:81,0
DA:82,0
DA:86,0
LF:37
LH:8
BRDA:48,0,0,0
BRDA:73,1,0,0
BRDA:80,2,0,0
BRF:3
BRH:0
end_of_record
TN:
SF:src/modules/crops/services/crops.connection.service.ts
FN:10,(anonymous_2)
FN:13,(anonymous_3)
FN:24,(anonymous_4)
FN:36,(anonymous_5)
FN:54,(anonymous_6)
FN:71,(anonymous_7)
FNF:6
FNH:0
FNDA:0,(anonymous_2)
FNDA:0,(anonymous_3)
FNDA:0,(anonymous_4)
FNDA:0,(anonymous_5)
FNDA:0,(anonymous_6)
FNDA:0,(anonymous_7)
DA:1,1
DA:2,1
DA:3,1
DA:4,1
DA:5,1
DA:9,1
DA:10,0
DA:15,0
DA:21,0
DA:26,0
DA:33,0
DA:37,0
DA:42,0
DA:55,0
DA:61,0
DA:68,0
DA:72,0
DA:73,0
DA:80,0
LF:19
LH:6
BRF:0
BRH:0
end_of_record
TN:
SF:src/modules/crops/services/crops.validator.ts
FNF:0
FNH:0
DA:1,1
DA:3,1
LF:2
LH:2
BRF:0
BRH:0
end_of_record
TN:
SF:src/modules/infrastructures/entities/abstract.entity.ts
FNF:0
FNH:0
DA:1,1
DA:4,1
DA:6,1
DA:11,1
DA:14,1
LF:5
LH:5
BRF:0
BRH:0
end_of_record
TN:
SF:src/modules/infrastructures/services/service.generic.ts
FN:18,(anonymous_0)
FN:22,(anonymous_1)
FN:25,(anonymous_2)
FN:28,(anonymous_3)
FN:29,(anonymous_4)
FN:30,(anonymous_5)
FNF:6
FNH:0
FNDA:0,(anonymous_0)
FNDA:0,(anonymous_1)
FNDA:0,(anonymous_2)
FNDA:0,(anonymous_3)
FNDA:0,(anonymous_4)
FNDA:0,(anonymous_5)
DA:16,1
DA:18,0
DA:19,0
DA:23,0
DA:26,0
DA:28,0
DA:29,0
DA:30,0
LF:8
LH:1
BRF:0
BRH:0
end_of_record
TN:
SF:src/modules/infrastructures/services/service.specific.ts
FN:19,(anonymous_0)
FN:26,(anonymous_1)
FN:31,(anonymous_2)
FN:38,(anonymous_3)
FN:46,(anonymous_4)
FN:57,(anonymous_5)
FNF:6
FNH:0
FNDA:0,(anonymous_0)
FNDA:0,(anonymous_1)
FNDA:0,(anonymous_2)
FNDA:0,(anonymous_3)
FNDA:0,(anonymous_4)
FNDA:0,(anonymous_5)
DA:2,0
DA:4,0
DA:17,0
DA:20,0
DA:21,0
DA:28,0
DA:32,0
DA:33,0
DA:35,0
DA:40,0
DA:41,0
DA:43,0
DA:50,0
DA:51,0
DA:53,0
DA:60,0
DA:61,0
DA:63,0
LF:18
LH:0
BRDA:32,0,0,0
BRDA:40,1,0,0
BRDA:50,2,0,0
BRDA:60,3,0,0
BRF:4
BRH:0
end_of_record
TN:
SF:src/modules/infrastructures/services/validators.base.ts
FN:11,(anonymous_0)
FN:16,(anonymous_1)
FN:20,(anonymous_2)
FN:33,(anonymous_3)
FN:38,(anonymous_4)
FNF:5
FNH:0
FNDA:0,(anonymous_0)
FNDA:0,(anonymous_1)
FNDA:0,(anonymous_2)
FNDA:0,(anonymous_3)
FNDA:0,(anonymous_4)
DA:1,1
DA:8,1
DA:9,0
DA:12,0
DA:17,0
DA:23,0
DA:24,0
DA:27,0
DA:31,1
DA:34,0
DA:41,0
LF:11
LH:3
BRDA:21,0,0,0
BRDA:23,1,0,0
BRF:2
BRH:0
end_of_record
TN:
SF:src/modules/plots/plots.controllers.ts
FN:25,(anonymous_4)
FN:28,(anonymous_5)
FN:35,(anonymous_6)
FN:44,(anonymous_7)
FN:58,(anonymous_8)
FN:71,(anonymous_9)
FN:84,(anonymous_10)
FN:97,(anonymous_11)
FN:100,(anonymous_12)
FN:107,(anonymous_13)
FN:119,(anonymous_14)
FN:142,(anonymous_15)
FN:155,(anonymous_16)
FN:168,(anonymous_17)
FN:183,(anonymous_18)
FN:186,(anonymous_19)
FN:194,(anonymous_20)
FN:204,(anonymous_21)
FN:217,(anonymous_22)
FN:230,(anonymous_23)
FN:243,(anonymous_24)
FNF:21
FNH:0
FNDA:0,(anonymous_4)
FNDA:0,(anonymous_5)
FNDA:0,(anonymous_6)
FNDA:0,(anonymous_7)
FNDA:0,(anonymous_8)
FNDA:0,(anonymous_9)
FNDA:0,(anonymous_10)
FNDA:0,(anonymous_11)
FNDA:0,(anonymous_12)
FNDA:0,(anonymous_13)
FNDA:0,(anonymous_14)
FNDA:0,(anonymous_15)
FNDA:0,(anonymous_16)
FNDA:0,(anonymous_17)
FNDA:0,(anonymous_18)
FNDA:0,(anonymous_19)
FNDA:0,(anonymous_20)
FNDA:0,(anonymous_21)
FNDA:0,(anonymous_22)
FNDA:0,(anonymous_23)
FNDA:0,(anonymous_24)
DA:1,0
DA:3,0
DA:4,0
DA:5,0
DA:6,0
DA:7,0
DA:8,0
DA:9,0
DA:10,0
DA:12,0
DA:22,0
DA:25,0
DA:28,0
DA:30,0
DA:31,0
DA:35,0
DA:38,0
DA:39,0
DA:40,0
DA:44,0
DA:47,0
DA:49,0
DA:50,0
DA:58,0
DA:61,0
DA:62,0
DA:63,0
DA:71,0
DA:75,0
DA:78,0
DA:79,0
DA:84,0
DA:87,0
DA:89,0
DA:90,0
DA:96,0
DA:97,0
DA:100,0
DA:102,0
DA:103,0
DA:107,0
DA:110,0
DA:111,0
DA:112,0
DA:119,0
DA:123,0
DA:124,0
DA:125,0
DA:142,0
DA:145,0
DA:146,0
DA:147,0
DA:155,0
DA:159,0
DA:160,0
DA:162,0
DA:163,0
DA:168,0
DA:171,0
DA:172,0
DA:174,0
DA:175,0
DA:181,0
DA:183,0
DA:186,0
DA:188,0
DA:189,0
DA:194,0
DA:197,0
DA:198,0
DA:200,0
DA:204,0
DA:208,0
DA:209,0
DA:210,0
DA:217,0
DA:220,0
DA:221,0
DA:222,0
DA:230,0
DA:234,0
DA:235,0
DA:237,0
DA:238,0
DA:243,0
DA:246,0
DA:247,0
DA:249,0
DA:250,0
LF:89
LH:0
BRF:0
BRH:0
end_of_record
TN:
SF:src/modules/plots/plots.module.ts
FN:15,(anonymous_1)
FNF:1
FNH:0
FNDA:0,(anonymous_1)
DA:1,0
DA:2,0
DA:3,0
DA:4,0
DA:5,0
DA:6,0
DA:7,0
DA:8,0
DA:9,0
DA:10,0
DA:11,0
DA:15,0
DA:22,0
LF:13
LH:0
BRF:0
BRH:0
end_of_record
TN:
SF:src/modules/plots/dto/gplot.dto.ts
FNF:0
FNH:0
DA:1,0
DA:3,0
DA:8,0
DA:11,0
LF:4
LH:0
BRF:0
BRH:0
end_of_record
TN:
SF:src/modules/plots/dto/growing_season.dto.ts
FNF:0
FNH:0
DA:1,0
DA:3,0
DA:8,0
DA:11,0
DA:14,0
DA:17,0
LF:6
LH:0
BRF:0
BRH:0
end_of_record
TN:
SF:src/modules/plots/dto/plots.dto.ts
FNF:0
FNH:0
DA:4,0
DA:5,0
DA:7,0
DA:15,0
DA:19,0
DA:23,0
DA:26,0
DA:29,0
DA:32,0
LF:9
LH:0
BRF:0
BRH:0
end_of_record
TN:
SF:src/modules/plots/entities/gplot.entity.ts
FN:14,(anonymous_2)
FN:14,(anonymous_3)
FNF:2
FNH:0
FNDA:0,(anonymous_2)
FNDA:0,(anonymous_3)
DA:1,0
DA:2,0
DA:3,0
DA:6,0
DA:8,0
DA:12,0
DA:14,0
DA:16,0
DA:19,0
LF:9
LH:0
BRF:0
BRH:0
end_of_record
TN:
SF:src/modules/plots/entities/growing_season.entity.ts
FN:13,(anonymous_2)
FN:13,(anonymous_3)
FNF:2
FNH:0
FNDA:0,(anonymous_2)
FNDA:0,(anonymous_3)
DA:1,1
DA:2,1
DA:3,1
DA:6,1
DA:13,0
DA:15,1
DA:18,1
DA:21,1
DA:24,1
LF:9
LH:8
BRF:0
BRH:0
end_of_record
TN:
SF:src/modules/plots/entities/plots.entity.ts
FN:15,(anonymous_2)
FN:16,(anonymous_3)
FN:22,(anonymous_4)
FN:23,(anonymous_5)
FN:30,(anonymous_6)
FN:31,(anonymous_7)
FNF:6
FNH:0
FNDA:0,(anonymous_2)
FNDA:0,(anonymous_3)
FNDA:0,(anonymous_4)
FNDA:0,(anonymous_5)
FNDA:0,(anonymous_6)
FNDA:0,(anonymous_7)
DA:1,1
DA:2,1
DA:3,1
DA:5,1
DA:6,1
DA:10,1
DA:12,1
DA:14,1
DA:15,0
DA:16,0
DA:19,1
DA:21,1
DA:22,0
DA:23,0
DA:27,1
DA:29,1
DA:30,0
DA:31,0
DA:33,1
DA:36,1
DA:39,1
DA:42,1
LF:22
LH:16
BRF:0
BRH:0
end_of_record
TN:
SF:src/modules/plots/services/gplot.service.ts
FN:12,(anonymous_4)
FN:17,(anonymous_5)
FN:27,(anonymous_6)
FN:41,(anonymous_7)
FN:51,(anonymous_8)
FN:63,(anonymous_9)
FN:70,(anonymous_10)
FNF:7
FNH:0
FNDA:0,(anonymous_4)
FNDA:0,(anonymous_5)
FNDA:0,(anonymous_6)
FNDA:0,(anonymous_7)
FNDA:0,(anonymous_8)
FNDA:0,(anonymous_9)
FNDA:0,(anonymous_10)
DA:1,0
DA:2,0
DA:3,0
DA:5,0
DA:9,0
DA:14,0
DA:15,0
DA:18,0
DA:30,0
DA:31,0
DA:32,0
DA:33,0
DA:42,0
DA:43,0
DA:44,0
DA:45,0
DA:54,0
DA:55,0
DA:56,0
DA:57,0
DA:59,0
DA:60,0
DA:67,0
DA:72,0
DA:73,0
LF:25
LH:0
BRDA:31,0,0,0
BRDA:43,1,0,0
BRF:2
BRH:0
end_of_record
TN:
SF:src/modules/plots/services/growing_season.service.ts
FN:12,(anonymous_4)
FN:18,(anonymous_5)
FN:28,(anonymous_6)
FN:44,(anonymous_7)
FN:56,(anonymous_8)
FN:69,(anonymous_9)
FN:76,(anonymous_10)
FNF:7
FNH:0
FNDA:0,(anonymous_4)
FNDA:0,(anonymous_5)
FNDA:0,(anonymous_6)
FNDA:0,(anonymous_7)
FNDA:0,(anonymous_8)
FNDA:0,(anonymous_9)
FNDA:0,(anonymous_10)
DA:1,0
DA:2,0
DA:3,0
DA:5,0
DA:9,0
DA:14,0
DA:15,0
DA:19,0
DA:31,0
DA:32,0
DA:33,0
DA:35,0
DA:45,0
DA:46,0
DA:47,0
DA:49,0
DA:58,0
DA:59,0
DA:60,0
DA:61,0
DA:62,0
DA:63,0
DA:65,0
DA:66,0
DA:72,0
DA:73,0
DA:78,0
DA:79,0
LF:28
LH:0
BRDA:32,0,0,0
BRDA:46,1,0,0
BRF:2
BRH:0
end_of_record
TN:
SF:src/modules/plots/services/plots.service.ts
FN:21,(anonymous_4)
FN:31,(anonymous_5)
FN:41,(anonymous_6)
FN:64,(anonymous_7)
FN:90,(anonymous_8)
FN:96,(anonymous_9)
FN:101,(anonymous_10)
FN:122,(anonymous_11)
FNF:8
FNH:0
FNDA:0,(anonymous_4)
FNDA:0,(anonymous_5)
FNDA:0,(anonymous_6)
FNDA:0,(anonymous_7)
FNDA:0,(anonymous_8)
FNDA:0,(anonymous_9)
FNDA:0,(anonymous_10)
FNDA:0,(anonymous_11)
DA:1,0
DA:2,0
DA:3,0
DA:5,0
DA:7,0
DA:12,0
DA:13,0
DA:18,0
DA:23,0
DA:24,0
DA:25,0
DA:26,0
DA:28,0
DA:32,0
DA:33,0
DA:34,0
DA:35,0
DA:36,0
DA:38,0
DA:43,0
DA:45,0
DA:46,0
DA:48,0
DA:49,0
DA:50,0
DA:51,0
DA:52,0
DA:53,0
DA:54,0
DA:55,0
DA:56,0
DA:59,0
DA:61,0
DA:69,0
DA:71,0
DA:72,0
DA:73,0
DA:74,0
DA:76,0
DA:78,0
DA:79,0
DA:80,0
DA:81,0
DA:84,0
DA:85,0
DA:87,0
DA:93,0
DA:94,0
DA:97,0
DA:105,0
DA:106,0
DA:107,0
DA:109,0
DA:110,0
DA:123,0
DA:124,0
DA:125,0
DA:127,0
LF:58
LH:0
BRDA:33,0,0,0
BRDA:33,0,1,0
BRDA:33,0,2,0
BRDA:49,1,0,0
BRDA:55,2,0,0
BRDA:76,3,0,0
BRDA:104,4,0,0
BRDA:106,5,0,0
BRDA:124,6,0,0
BRF:9
BRH:0
end_of_record
TN:
SF:src/modules/plots/services/plots.validator.ts
FN:19,(anonymous_0)
FN:29,(anonymous_1)
FNF:2
FNH:0
FNDA:0,(anonymous_0)
FNDA:0,(anonymous_1)
DA:1,0
DA:3,0
DA:7,0
DA:23,0
DA:24,0
DA:26,0
DA:28,0
DA:29,0
DA:31,0
DA:32,0
DA:34,0
DA:36,0
LF:12
LH:0
BRDA:26,0,0,0
BRDA:31,1,0,0
BRF:2
BRH:0
end_of_record
TN:
SF:src/modules/projects/projects.controllers.ts
FN:14,(anonymous_4)
FN:19,(anonymous_5)
FN:31,(anonymous_6)
FN:42,(anonymous_7)
FN:54,(anonymous_8)
FN:66,(anonymous_9)
FN:78,(anonymous_10)
FNF:7
FNH:0
FNDA:0,(anonymous_4)
FNDA:0,(anonymous_5)
FNDA:0,(anonymous_6)
FNDA:0,(anonymous_7)
FNDA:0,(anonymous_8)
FNDA:0,(anonymous_9)
FNDA:0,(anonymous_10)
DA:1,0
DA:3,0
DA:4,0
DA:5,0
DA:6,0
DA:7,0
DA:11,0
DA:14,0
DA:19,0
DA:20,0
DA:21,0
DA:23,0
DA:31,0
DA:35,0
DA:38,0
DA:42,0
DA:44,0
DA:45,0
DA:46,0
DA:54,0
DA:55,0
DA:56,0
DA:66,0
DA:70,0
DA:71,0
DA:78,0
DA:79,0
DA:81,0
DA:82,0
LF:29
LH:0
BRDA:20,0,0,0
BRDA:20,0,1,0
BRF:2
BRH:0
end_of_record
TN:
SF:src/modules/projects/projects.module.ts
FN:16,(anonymous_1)
FNF:1
FNH:0
FNDA:0,(anonymous_1)
DA:1,0
DA:2,0
DA:3,0
DA:4,0
DA:5,0
DA:6,0
DA:7,0
DA:8,0
DA:11,0
DA:16,0
DA:23,0
LF:11
LH:0
BRF:0
BRH:0
end_of_record
TN:
SF:src/modules/projects/dto/projects.dto.ts
FNF:0
FNH:0
DA:1,0
DA:2,0
DA:4,0
DA:6,0
DA:9,0
DA:12,0
DA:16,0
LF:7
LH:0
BRF:0
BRH:0
end_of_record
TN:
SF:src/modules/projects/entities/projects.entity.ts
FN:18,(anonymous_2)
FN:18,(anonymous_3)
FN:21,(anonymous_4)
FN:22,(anonymous_5)
FNF:4
FNH:0
FNDA:0,(anonymous_2)
FNDA:0,(anonymous_3)
FNDA:0,(anonymous_4)
FNDA:0,(anonymous_5)
DA:1,1
DA:2,1
DA:3,1
DA:7,1
DA:10,1
DA:13,1
DA:16,1
DA:18,0
DA:19,1
DA:21,0
DA:22,0
DA:36,1
LF:12
LH:9
BRF:0
BRH:0
end_of_record
TN:
SF:src/modules/projects/mocks/projects.mock.ts
FNF:0
FNH:0
DA:1,0
LF:1
LH:0
BRF:0
BRH:0
end_of_record
TN:
SF:src/modules/projects/services/projects.service.ts
FN:21,(anonymous_4)
FN:30,(anonymous_5)
FN:40,(anonymous_6)
FN:51,(anonymous_7)
FN:72,(anonymous_8)
FN:77,(anonymous_9)
FN:81,(anonymous_10)
FN:87,(anonymous_11)
FNF:8
FNH:0
FNDA:0,(anonymous_4)
FNDA:0,(anonymous_5)
FNDA:0,(anonymous_6)
FNDA:0,(anonymous_7)
FNDA:0,(anonymous_8)
FNDA:0,(anonymous_9)
FNDA:0,(anonymous_10)
FNDA:0,(anonymous_11)
DA:1,0
DA:2,0
DA:3,0
DA:5,0
DA:8,0
DA:11,0
DA:12,0
DA:18,0
DA:23,0
DA:24,0
DA:25,0
DA:26,0
DA:27,0
DA:31,0
DA:32,0
DA:33,0
DA:34,0
DA:35,0
DA:37,0
DA:41,0
DA:42,0
DA:44,0
DA:45,0
DA:47,0
DA:48,0
DA:53,0
DA:56,0
DA:57,0
DA:58,0
DA:62,0
DA:63,0
DA:64,0
DA:65,0
DA:66,0
DA:68,0
DA:69,0
DA:73,0
DA:74,0
DA:78,0
DA:82,0
DA:83,0
DA:89,0
DA:90,0
DA:91,0
DA:93,0
DA:94,0
DA:106,0
LF:47
LH:0
BRDA:32,0,0,0
BRDA:32,0,1,0
BRDA:32,0,2,0
BRDA:57,1,0,0
BRDA:66,2,0,0
BRDA:88,3,0,0
BRDA:90,4,0,0
BRF:7
BRH:0
end_of_record
TN:
SF:src/modules/projects/services/projects.validator.ts
FN:21,(anonymous_1)
FN:32,(anonymous_2)
FNF:2
FNH:0
FNDA:0,(anonymous_1)
FNDA:0,(anonymous_2)
DA:1,0
DA:2,0
DA:3,0
DA:7,0
DA:24,0
DA:25,0
DA:28,0
DA:35,0
DA:36,0
DA:39,0
LF:10
LH:0
BRDA:24,0,0,0
BRDA:35,1,0,0
BRF:2
BRH:0
end_of_record
TN:
SF:src/modules/tools/tools.controller.ts
FN:17,(anonymous_4)
FN:24,(anonymous_5)
FN:33,(anonymous_6)
FN:39,(anonymous_7)
FN:46,(anonymous_8)
FNF:5
FNH:0
FNDA:0,(anonymous_4)
FNDA:0,(anonymous_5)
FNDA:0,(anonymous_6)
FNDA:0,(anonymous_7)
FNDA:0,(anonymous_8)
DA:1,0
DA:2,0
DA:3,0
DA:4,0
DA:6,0
DA:9,0
DA:16,0
DA:17,0
DA:18,0
DA:24,0
DA:28,0
DA:29,0
DA:33,0
DA:35,0
DA:39,0
DA:42,0
DA:46,0
DA:49,0
LF:18
LH:0
BRF:0
BRH:0
end_of_record
TN:
SF:src/modules/tools/tools.module.ts
FNF:0
FNH:0
DA:1,0
DA:2,0
DA:3,0
DA:4,0
DA:5,0
DA:6,0
DA:7,0
DA:16,0
LF:8
LH:0
BRF:0
BRH:0
end_of_record
TN:
SF:src/modules/tools/dto/tools.dto.ts
FNF:0
FNH:0
DA:1,0
DA:2,0
DA:4,0
DA:6,0
DA:9,0
DA:13,0
LF:6
LH:0
BRF:0
BRH:0
end_of_record
TN:
SF:src/modules/tools/dto/tools.type.dto.ts
FNF:0
FNH:0
DA:1,0
DA:2,0
DA:4,0
DA:6,0
DA:9,0
DA:12,0
LF:6
LH:0
BRF:0
BRH:0
end_of_record
TN:
SF:src/modules/tools/entities/toolTypes.entity.ts
FN:12,(anonymous_2)
FN:12,(anonymous_3)
FNF:2
FNH:0
FNDA:0,(anonymous_2)
FNDA:0,(anonymous_3)
DA:1,0
DA:2,0
DA:5,0
DA:7,0
DA:10,0
DA:12,0
DA:13,0
LF:7
LH:0
BRF:0
BRH:0
end_of_record
TN:
SF:src/modules/tools/entities/tools.entity.ts
FN:16,(anonymous_2)
FN:16,(anonymous_3)
FNF:2
FNH:0
FNDA:0,(anonymous_2)
FNDA:0,(anonymous_3)
DA:1,0
DA:2,0
DA:5,0
DA:7,0
DA:10,0
DA:13,0
DA:16,0
DA:22,0
LF:8
LH:0
BRF:0
BRH:0
end_of_record
TN:
SF:src/modules/tools/services/tools.service.ts
FN:10,(anonymous_4)
FN:15,(anonymous_5)
FN:45,(anonymous_6)
FN:55,(anonymous_7)
FN:67,(anonymous_8)
FNF:5
FNH:0
FNDA:0,(anonymous_4)
FNDA:0,(anonymous_5)
FNDA:0,(anonymous_6)
FNDA:0,(anonymous_7)
FNDA:0,(anonymous_8)
DA:1,0
DA:3,0
DA:4,0
DA:5,0
DA:9,0
DA:12,0
DA:20,0
DA:21,0
DA:22,0
DA:23,0
DA:24,0
DA:30,0
DA:46,0
DA:47,0
DA:56,0
DA:57,0
DA:58,0
DA:59,0
DA:68,0
DA:70,0
DA:71,0
DA:73,0
LF:22
LH:0
BRDA:57,0,0,0
BRDA:70,1,0,0
BRF:2
BRH:0
end_of_record
TN:
SF:src/modules/tools/services/toolsTypes.service.ts
FN:9,(anonymous_4)
FN:14,(anonymous_5)
FN:21,(anonymous_6)
FN:26,(anonymous_7)
FNF:4
FNH:0
FNDA:0,(anonymous_4)
FNDA:0,(anonymous_5)
FNDA:0,(anonymous_6)
FNDA:0,(anonymous_7)
DA:1,0
DA:2,0
DA:3,0
DA:5,0
DA:8,0
DA:11,0
DA:15,0
DA:16,0
DA:17,0
DA:18,0
DA:22,0
DA:27,0
DA:28,0
DA:32,0
LF:14
LH:0
BRDA:27,0,0,0
BRF:1
BRH:0
end_of_record
TN:
SF:src/modules/units/units.controller.ts
FN:12,(anonymous_4)
FN:18,(anonymous_5)
FN:24,(anonymous_6)
FN:29,(anonymous_7)
FN:34,(anonymous_8)
FN:39,(anonymous_9)
FN:44,(anonymous_10)
FN:52,(anonymous_11)
FN:58,(anonymous_12)
FN:64,(anonymous_13)
FN:69,(anonymous_14)
FN:74,(anonymous_15)
FN:79,(anonymous_16)
FNF:13
FNH:0
FNDA:0,(anonymous_4)
FNDA:0,(anonymous_5)
FNDA:0,(anonymous_6)
FNDA:0,(anonymous_7)
FNDA:0,(anonymous_8)
FNDA:0,(anonymous_9)
FNDA:0,(anonymous_10)
FNDA:0,(anonymous_11)
FNDA:0,(anonymous_12)
FNDA:0,(anonymous_13)
FNDA:0,(anonymous_14)
FNDA:0,(anonymous_15)
FNDA:0,(anonymous_16)
DA:1,1
DA:2,1
DA:3,1
DA:4,1
DA:5,1
DA:6,1
DA:10,1
DA:12,0
DA:18,1
DA:19,0
DA:20,0
DA:24,1
DA:25,0
DA:29,1
DA:30,0
DA:34,1
DA:35,0
DA:39,1
DA:40,0
DA:44,1
DA:45,0
DA:51,1
DA:52,0
DA:58,1
DA:59,0
DA:60,0
DA:64,1
DA:65,0
DA:69,1
DA:70,0
DA:74,1
DA:75,0
DA:79,1
DA:80,0
LF:34
LH:19
BRF:0
BRH:0
end_of_record
TN:
SF:src/modules/units/units.module.ts
FNF:0
FNH:0
DA:1,0
DA:2,0
DA:3,0
DA:4,0
DA:5,0
DA:6,0
DA:7,0
DA:14,0
LF:8
LH:0
BRF:0
BRH:0
end_of_record
TN:
SF:src/modules/units/dto/unit.dto.ts
FNF:0
FNH:0
DA:1,1
DA:2,1
DA:5,1
DA:7,1
DA:10,1
DA:13,1
LF:6
LH:6
BRF:0
BRH:0
end_of_record
TN:
SF:src/modules/units/dto/unitsFamily.dto.ts
FNF:0
FNH:0
DA:1,1
DA:2,1
DA:4,1
DA:6,1
DA:9,1
LF:5
LH:5
BRF:0
BRH:0
end_of_record
TN:
SF:src/modules/units/entities/unit.entity.ts
FN:14,(anonymous_2)
FN:14,(anonymous_3)
FNF:2
FNH:0
FNDA:0,(anonymous_2)
FNDA:0,(anonymous_3)
DA:1,2
DA:2,2
DA:5,2
DA:7,2
DA:10,2
DA:13,2
DA:14,0
DA:16,2
LF:8
LH:7
BRF:0
BRH:0
end_of_record
TN:
SF:src/modules/units/entities/unitsFamily.entity.ts
FN:12,(anonymous_2)
FN:12,(anonymous_3)
FNF:2
FNH:0
FNDA:0,(anonymous_2)
FNDA:0,(anonymous_3)
DA:1,2
DA:2,2
DA:5,2
DA:7,2
DA:10,2
DA:12,0
DA:13,2
LF:7
LH:6
BRF:0
BRH:0
end_of_record
TN:
SF:src/modules/units/services/units.service.ts
FN:9,(anonymous_4)
FN:14,(anonymous_5)
FN:22,(anonymous_6)
FN:26,(anonymous_7)
FN:34,(anonymous_8)
FN:46,(anonymous_9)
FN:51,(anonymous_10)
FNF:7
FNH:0
FNDA:0,(anonymous_4)
FNDA:0,(anonymous_5)
FNDA:0,(anonymous_6)
FNDA:0,(anonymous_7)
FNDA:0,(anonymous_8)
FNDA:0,(anonymous_9)
FNDA:0,(anonymous_10)
DA:1,2
DA:2,2
DA:3,2
DA:4,2
DA:8,2
DA:11,0
DA:15,0
DA:16,0
DA:17,0
DA:18,0
DA:19,0
DA:23,0
DA:27,0
DA:28,0
DA:29,0
DA:34,0
DA:35,0
DA:36,0
DA:37,0
DA:39,0
DA:47,0
DA:48,0
DA:52,0
DA:53,0
LF:24
LH:5
BRDA:27,0,0,0
BRDA:36,1,0,0
BRF:2
BRH:0
end_of_record
TN:
SF:src/modules/units/services/unitsfamily.service.ts
FN:10,(anonymous_4)
FN:15,(anonymous_5)
FN:24,(anonymous_6)
FN:28,(anonymous_7)
FN:37,(anonymous_8)
FN:42,(anonymous_9)
FNF:6
FNH:0
FNDA:0,(anonymous_4)
FNDA:0,(anonymous_5)
FNDA:0,(anonymous_6)
FNDA:0,(anonymous_7)
FNDA:0,(anonymous_8)
FNDA:0,(anonymous_9)
DA:1,1
DA:2,1
DA:3,1
DA:4,1
DA:9,1
DA:12,0
DA:16,0
DA:17,0
DA:18,0
DA:19,0
DA:20,0
DA:21,0
DA:25,0
DA:29,0
DA:30,0
DA:31,0
DA:38,0
DA:39,0
DA:43,0
DA:44,0
LF:20
LH:5
BRDA:29,0,0,0
BRF:1
BRH:0
end_of_record
TN:
SF:src/modules/workers/workers.controller.ts
FN:21,(anonymous_4)
FN:28,(anonymous_5)
FN:41,(anonymous_6)
FN:55,(anonymous_7)
FN:65,(anonymous_8)
FN:71,(anonymous_9)
FN:78,(anonymous_10)
FN:88,(anonymous_11)
FN:94,(anonymous_12)
FN:104,(anonymous_13)
FN:114,(anonymous_14)
FN:123,(anonymous_15)
FN:128,(anonymous_16)
FNF:13
FNH:0
FNDA:0,(anonymous_4)
FNDA:0,(anonymous_5)
FNDA:0,(anonymous_6)
FNDA:0,(anonymous_7)
FNDA:0,(anonymous_8)
FNDA:0,(anonymous_9)
FNDA:0,(anonymous_10)
FNDA:0,(anonymous_11)
FNDA:0,(anonymous_12)
FNDA:0,(anonymous_13)
FNDA:0,(anonymous_14)
FNDA:0,(anonymous_15)
FNDA:0,(anonymous_16)
DA:1,0
DA:5,0
DA:6,0
DA:7,0
DA:8,0
DA:9,0
DA:10,0
DA:12,0
DA:20,0
DA:21,0
DA:22,0
DA:28,0
DA:32,0
DA:33,0
DA:41,0
DA:46,0
DA:49,0
DA:50,0
DA:55,0
DA:58,0
DA:60,0
DA:61,0
DA:65,0
DA:67,0
DA:71,0
DA:74,0
DA:78,0
DA:81,0
DA:87,0
DA:88,0
DA:94,0
DA:96,0
DA:104,0
DA:107,0
DA:109,0
DA:114,0
DA:116,0
DA:118,0
DA:119,0
DA:123,0
DA:124,0
DA:128,0
DA:130,0
LF:43
LH:0
BRF:0
BRH:0
end_of_record
TN:
SF:src/modules/workers/workers.module.ts
FNF:0
FNH:0
DA:1,0
DA:2,0
DA:3,0
DA:4,0
DA:5,0
DA:6,0
DA:7,0
DA:16,0
LF:8
LH:0
BRF:0
BRH:0
end_of_record
TN:
SF:src/modules/workers/dto/tools.dto.ts
FNF:0
FNH:0
DA:1,0
DA:2,0
DA:4,0
DA:6,0
DA:9,0
DA:12,0
DA:15,0
LF:7
LH:0
BRF:0
BRH:0
end_of_record
TN:
SF:src/modules/workers/dto/type.dto.ts
FNF:0
FNH:0
DA:1,0
DA:2,0
DA:4,0
DA:6,0
DA:9,0
LF:5
LH:0
BRF:0
BRH:0
end_of_record
TN:
SF:src/modules/workers/dto/worker.type.dto.ts
FNF:0
FNH:0
DA:1,0
DA:2,0
DA:4,0
DA:6,0
DA:9,0
DA:12,0
LF:6
LH:0
BRF:0
BRH:0
end_of_record
TN:
SF:src/modules/workers/dto/workers.dto.ts
FNF:0
FNH:0
DA:1,0
DA:2,0
DA:4,0
DA:6,0
DA:9,0
DA:12,0
LF:6
LH:0
BRF:0
BRH:0
end_of_record
TN:
SF:src/modules/workers/entities/workerTypes.entity.ts
FN:12,(anonymous_2)
FN:13,(anonymous_3)
FNF:2
FNH:0
FNDA:0,(anonymous_2)
FNDA:0,(anonymous_3)
DA:1,0
DA:2,0
DA:5,0
DA:7,0
DA:10,0
DA:12,0
DA:13,0
DA:20,0
LF:8
LH:0
BRF:0
BRH:0
end_of_record
TN:
SF:src/modules/workers/entities/workers.entity.ts
FN:16,(anonymous_2)
FN:17,(anonymous_3)
FNF:2
FNH:0
FNDA:0,(anonymous_2)
FNDA:0,(anonymous_3)
DA:1,0
DA:2,0
DA:5,0
DA:7,0
DA:10,0
DA:13,0
DA:16,0
DA:17,0
DA:22,0
LF:9
LH:0
BRF:0
BRH:0
end_of_record
TN:
SF:src/modules/workers/services/types.service.ts
FN:9,(anonymous_4)
FN:14,(anonymous_5)
FN:21,(anonymous_6)
FN:25,(anonymous_7)
FNF:4
FNH:0
FNDA:0,(anonymous_4)
FNDA:0,(anonymous_5)
FNDA:0,(anonymous_6)
FNDA:0,(anonymous_7)
DA:1,0
DA:3,0
DA:4,0
DA:5,0
DA:8,0
DA:11,0
DA:15,0
DA:16,0
DA:17,0
DA:18,0
DA:22,0
DA:26,0
DA:27,0
DA:28,0
LF:14
LH:0
BRDA:26,0,0,0
BRF:1
BRH:0
end_of_record
TN:
SF:src/modules/workers/services/workerTypes.service.ts
FN:9,(anonymous_4)
FN:14,(anonymous_5)
FN:21,(anonymous_6)
FN:28,(anonymous_7)
FN:35,(anonymous_8)
FN:40,(anonymous_9)
FNF:6
FNH:0
FNDA:0,(anonymous_4)
FNDA:0,(anonymous_5)
FNDA:0,(anonymous_6)
FNDA:0,(anonymous_7)
FNDA:0,(anonymous_8)
FNDA:0,(anonymous_9)
DA:1,0
DA:3,0
DA:4,0
DA:5,0
DA:8,0
DA:11,0
DA:15,0
DA:16,0
DA:17,0
DA:18,0
DA:24,0
DA:25,0
DA:31,0
DA:32,0
DA:36,0
DA:41,0
DA:42,0
DA:46,0
LF:18
LH:0
BRDA:41,0,0,0
BRF:1
BRH:0
end_of_record
TN:
SF:src/modules/workers/services/workers.service.ts
FN:10,(anonymous_4)
FN:15,(anonymous_5)
FN:29,(anonymous_6)
FN:39,(anonymous_7)
FN:70,(anonymous_8)
FN:80,(anonymous_9)
FN:92,(anonymous_10)
FNF:7
FNH:0
FNDA:0,(anonymous_4)
FNDA:0,(anonymous_5)
FNDA:0,(anonymous_6)
FNDA:0,(anonymous_7)
FNDA:0,(anonymous_8)
FNDA:0,(anonymous_9)
FNDA:0,(anonymous_10)
DA:1,0
DA:3,0
DA:4,0
DA:5,0
DA:9,0
DA:12,0
DA:20,0
DA:21,0
DA:22,0
DA:23,0
DA:24,0
DA:25,0
DA:35,0
DA:36,0
DA:43,0
DA:44,0
DA:71,0
DA:72,0
DA:81,0
DA:82,0
DA:83,0
DA:84,0
DA:93,0
DA:95,0
DA:96,0
DA:104,0
DA:124,0
LF:27
LH:0
BRDA:82,0,0,0
BRDA:95,1,0,0
BRF:2
BRH:0
end_of_record
